2020/01/19 12:38:47.142    9   System.IndexOutOfRangeException: Index was outside the bounds of the array.
   at THD.Core.Api.Repository.DataHandler.DocMenuD1Repository.GetProjectNumberWithDataD1Async(String project_number) in C:\Work Project\React Project\eFilling\EFilling.WebApi\THD.Core.Api\THD.Core.Api.Repository\DataHandler\DocMenuD1Repository.cs:line 128
   at THD.Core.Api.Business.DocMenuDService.GetProjectNumberWithDataD1Async(String project_number) in C:\Work Project\React Project\eFilling\EFilling.WebApi\THD.Core.Api\THD.Core.Api.Business\DocMenuDService.cs:line 42
   at THD.Core.Api.Private.Controllers.PrivateDocMenuDController.GetProjectNumberWithDataD1(String ProjectNumber) in C:\Work Project\React Project\eFilling\EFilling.WebApi\THD.Core.Api\THD.Core.Api.Private\Controllers\PrivateDocMenuDController.cs:line 47
   at Microsoft.AspNetCore.Mvc.Internal.ActionMethodExecutor.TaskOfIActionResultExecutor.Execute(IActionResultTypeMapper mapper, ObjectMethodExecutor executor, Object controller, Object[] arguments)
   at System.Threading.Tasks.ValueTask`1.get_Result()
   at Microsoft.AspNetCore.Mvc.Internal.ControllerActionInvoker.InvokeActionMethodAsync()
   at Microsoft.AspNetCore.Mvc.Internal.ControllerActionInvoker.InvokeNextActionFilterAsync()
   at Microsoft.AspNetCore.Mvc.Internal.ControllerActionInvoker.Rethrow(ActionExecutedContext context)
   at Microsoft.AspNetCore.Mvc.Internal.ControllerActionInvoker.Next(State& next, Scope& scope, Object& state, Boolean& isCompleted)
   at Microsoft.AspNetCore.Mvc.Internal.ControllerActionInvoker.InvokeInnerFilterAsync()
   at Microsoft.AspNetCore.Mvc.Internal.ResourceInvoker.InvokeNextResourceFilter()
   at Microsoft.AspNetCore.Mvc.Internal.ResourceInvoker.Rethrow(ResourceExecutedContext context)
   at Microsoft.AspNetCore.Mvc.Internal.ResourceInvoker.Next(State& next, Scope& scope, Object& state, Boolean& isCompleted)
   at Microsoft.AspNetCore.Mvc.Internal.ResourceInvoker.InvokeFilterPipelineAsync()
   at Microsoft.AspNetCore.Mvc.Internal.ResourceInvoker.InvokeAsync()
   at Microsoft.AspNetCore.Routing.EndpointMiddleware.Invoke(HttpContext httpContext)
   at Microsoft.AspNetCore.Routing.EndpointRoutingMiddleware.Invoke(HttpContext httpContext)
   at THD.Core.Api.Private.ErrorHandlingMiddleware.Invoke(HttpContext context) in C:\Work Project\React Project\eFilling\EFilling.WebApi\THD.Core.Api\THD.Core.Api.Private\Core\ErrorHandlingMiddleware.cs:line 24
2020/01/19 12:39:37.521    14   System.IndexOutOfRangeException: Index was outside the bounds of the array.
   at THD.Core.Api.Repository.DataHandler.DocMenuD1Repository.GetProjectNumberWithDataD1Async(String project_number) in C:\Work Project\React Project\eFilling\EFilling.WebApi\THD.Core.Api\THD.Core.Api.Repository\DataHandler\DocMenuD1Repository.cs:line 128
   at THD.Core.Api.Business.DocMenuDService.GetProjectNumberWithDataD1Async(String project_number) in C:\Work Project\React Project\eFilling\EFilling.WebApi\THD.Core.Api\THD.Core.Api.Business\DocMenuDService.cs:line 42
   at THD.Core.Api.Private.Controllers.PrivateDocMenuDController.GetProjectNumberWithDataD1(String ProjectNumber) in C:\Work Project\React Project\eFilling\EFilling.WebApi\THD.Core.Api\THD.Core.Api.Private\Controllers\PrivateDocMenuDController.cs:line 47
   at Microsoft.AspNetCore.Mvc.Internal.ActionMethodExecutor.TaskOfIActionResultExecutor.Execute(IActionResultTypeMapper mapper, ObjectMethodExecutor executor, Object controller, Object[] arguments)
   at System.Threading.Tasks.ValueTask`1.get_Result()
   at Microsoft.AspNetCore.Mvc.Internal.ControllerActionInvoker.InvokeActionMethodAsync()
   at Microsoft.AspNetCore.Mvc.Internal.ControllerActionInvoker.InvokeNextActionFilterAsync()
   at Microsoft.AspNetCore.Mvc.Internal.ControllerActionInvoker.Rethrow(ActionExecutedContext context)
   at Microsoft.AspNetCore.Mvc.Internal.ControllerActionInvoker.Next(State& next, Scope& scope, Object& state, Boolean& isCompleted)
   at Microsoft.AspNetCore.Mvc.Internal.ControllerActionInvoker.InvokeInnerFilterAsync()
   at Microsoft.AspNetCore.Mvc.Internal.ResourceInvoker.InvokeNextResourceFilter()
   at Microsoft.AspNetCore.Mvc.Internal.ResourceInvoker.Rethrow(ResourceExecutedContext context)
   at Microsoft.AspNetCore.Mvc.Internal.ResourceInvoker.Next(State& next, Scope& scope, Object& state, Boolean& isCompleted)
   at Microsoft.AspNetCore.Mvc.Internal.ResourceInvoker.InvokeFilterPipelineAsync()
   at Microsoft.AspNetCore.Mvc.Internal.ResourceInvoker.InvokeAsync()
   at Microsoft.AspNetCore.Routing.EndpointMiddleware.Invoke(HttpContext httpContext)
   at Microsoft.AspNetCore.Routing.EndpointRoutingMiddleware.Invoke(HttpContext httpContext)
   at THD.Core.Api.Private.ErrorHandlingMiddleware.Invoke(HttpContext context) in C:\Work Project\React Project\eFilling\EFilling.WebApi\THD.Core.Api\THD.Core.Api.Private\Core\ErrorHandlingMiddleware.cs:line 24
2020/01/19 15:08:47.017    49   System.Data.SqlClient.SqlException (0x80131904): Invalid column name 'tableExpireDate1'.
Invalid column name 'tableExpireDate1'.
Invalid column name 'tableExpireDate2'.
Invalid column name 'tableExpireDate2'.
Invalid column name 'tableExpireDate3'.
Invalid column name 'tableExpireDate3'.
Invalid column name 'tableExpireDate4'.
Invalid column name 'tableExpireDate4'.
Invalid column name 'tableExpireDate5'.
Invalid column name 'tableExpireDate5'.
   at System.Data.SqlClient.SqlConnection.OnError(SqlException exception, Boolean breakConnection, Action`1 wrapCloseInAction)
   at System.Data.SqlClient.TdsParser.ThrowExceptionAndWarning(TdsParserStateObject stateObj, Boolean callerHasConnectionLock, Boolean asyncClose)
   at System.Data.SqlClient.TdsParser.TryRun(RunBehavior runBehavior, SqlCommand cmdHandler, SqlDataReader dataStream, BulkCopySimpleResultSet bulkCopyHandler, TdsParserStateObject stateObj, Boolean& dataReady)
   at System.Data.SqlClient.SqlDataReader.TryConsumeMetaData()
   at System.Data.SqlClient.SqlDataReader.get_MetaData()
   at System.Data.SqlClient.SqlCommand.FinishExecuteReader(SqlDataReader ds, RunBehavior runBehavior, String resetOptionsString)
   at System.Data.SqlClient.SqlCommand.CompleteAsyncExecuteReader()
   at System.Data.SqlClient.SqlCommand.InternalEndExecuteReader(IAsyncResult asyncResult, String endMethod)
   at System.Data.SqlClient.SqlCommand.EndExecuteReaderInternal(IAsyncResult asyncResult)
   at System.Data.SqlClient.SqlCommand.EndExecuteReader(IAsyncResult asyncResult)
   at System.Threading.Tasks.TaskFactory`1.FromAsyncCoreLogic(IAsyncResult iar, Func`2 endFunction, Action`1 endAction, Task`1 promise, Boolean requiresSynchronization)
--- End of stack trace from previous location where exception was thrown ---
   at THD.Core.Api.Repository.DataHandler.DocMenuHomeRepository.GetAllReportDataHome1Async(ModelMenuHome1_InterfaceData search_data) in C:\Work Project\React Project\eFilling\EFilling.WebApi\THD.Core.Api\THD.Core.Api.Repository\DataHandler\DocMenuHomeRepository.cs:line 416
   at THD.Core.Api.Repository.DataHandler.DocMenuHomeRepository.MenuHome1InterfaceDataAsync(String RegisterId) in C:\Work Project\React Project\eFilling\EFilling.WebApi\THD.Core.Api\THD.Core.Api.Repository\DataHandler\DocMenuHomeRepository.cs:line 130
   at THD.Core.Api.Business.DocMenuHomeService.MenuHome1InterfaceDataAsync(String RegisterId) in C:\Work Project\React Project\eFilling\EFilling.WebApi\THD.Core.Api\THD.Core.Api.Business\DocMenuHomeService.cs:line 34
   at THD.Core.Api.Private.Controllers.PrivateDocMenuHomeController.MenuHome1InterfaceData(String RegisterId) in C:\Work Project\React Project\eFilling\EFilling.WebApi\THD.Core.Api\THD.Core.Api.Private\Controllers\PrivateDocMenuHomeController.cs:line 37
   at Microsoft.AspNetCore.Mvc.Internal.ActionMethodExecutor.TaskOfIActionResultExecutor.Execute(IActionResultTypeMapper mapper, ObjectMethodExecutor executor, Object controller, Object[] arguments)
   at System.Threading.Tasks.ValueTask`1.get_Result()
   at Microsoft.AspNetCore.Mvc.Internal.ControllerActionInvoker.InvokeActionMethodAsync()
   at Microsoft.AspNetCore.Mvc.Internal.ControllerActionInvoker.InvokeNextActionFilterAsync()
   at Microsoft.AspNetCore.Mvc.Internal.ControllerActionInvoker.Rethrow(ActionExecutedContext context)
   at Microsoft.AspNetCore.Mvc.Internal.ControllerActionInvoker.Next(State& next, Scope& scope, Object& state, Boolean& isCompleted)
   at Microsoft.AspNetCore.Mvc.Internal.ControllerActionInvoker.InvokeInnerFilterAsync()
   at Microsoft.AspNetCore.Mvc.Internal.ResourceInvoker.InvokeNextResourceFilter()
   at Microsoft.AspNetCore.Mvc.Internal.ResourceInvoker.Rethrow(ResourceExecutedContext context)
   at Microsoft.AspNetCore.Mvc.Internal.ResourceInvoker.Next(State& next, Scope& scope, Object& state, Boolean& isCompleted)
   at Microsoft.AspNetCore.Mvc.Internal.ResourceInvoker.InvokeFilterPipelineAsync()
   at Microsoft.AspNetCore.Mvc.Internal.ResourceInvoker.InvokeAsync()
   at Microsoft.AspNetCore.Routing.EndpointMiddleware.Invoke(HttpContext httpContext)
   at Microsoft.AspNetCore.Routing.EndpointRoutingMiddleware.Invoke(HttpContext httpContext)
   at THD.Core.Api.Private.ErrorHandlingMiddleware.Invoke(HttpContext context) in C:\Work Project\React Project\eFilling\EFilling.WebApi\THD.Core.Api\THD.Core.Api.Private\Core\ErrorHandlingMiddleware.cs:line 24
ClientConnectionId:04cde0ab-3f6a-4986-b3fb-9c689e5241d4
Error Number:207,State:1,Class:16
2020/01/19 15:37:31.192    34   System.NullReferenceException: Object reference not set to an instance of an object.
   at THD.Core.Api.Repository.DataHandler.DocMenuHomeRepository.MenuHome1InterfaceDataAsync(String RegisterId) in C:\Work Project\React Project\eFilling\EFilling.WebApi\THD.Core.Api\THD.Core.Api.Repository\DataHandler\DocMenuHomeRepository.cs:line 71
   at THD.Core.Api.Business.DocMenuHomeService.MenuHome1InterfaceDataAsync(String RegisterId) in C:\Work Project\React Project\eFilling\EFilling.WebApi\THD.Core.Api\THD.Core.Api.Business\DocMenuHomeService.cs:line 34
   at THD.Core.Api.Private.Controllers.PrivateDocMenuHomeController.MenuHome1InterfaceData(String RegisterId) in C:\Work Project\React Project\eFilling\EFilling.WebApi\THD.Core.Api\THD.Core.Api.Private\Controllers\PrivateDocMenuHomeController.cs:line 37
   at Microsoft.AspNetCore.Mvc.Internal.ActionMethodExecutor.TaskOfIActionResultExecutor.Execute(IActionResultTypeMapper mapper, ObjectMethodExecutor executor, Object controller, Object[] arguments)
   at System.Threading.Tasks.ValueTask`1.get_Result()
   at Microsoft.AspNetCore.Mvc.Internal.ControllerActionInvoker.InvokeActionMethodAsync()
   at Microsoft.AspNetCore.Mvc.Internal.ControllerActionInvoker.InvokeNextActionFilterAsync()
   at Microsoft.AspNetCore.Mvc.Internal.ControllerActionInvoker.Rethrow(ActionExecutedContext context)
   at Microsoft.AspNetCore.Mvc.Internal.ControllerActionInvoker.Next(State& next, Scope& scope, Object& state, Boolean& isCompleted)
   at Microsoft.AspNetCore.Mvc.Internal.ControllerActionInvoker.InvokeInnerFilterAsync()
   at Microsoft.AspNetCore.Mvc.Internal.ResourceInvoker.InvokeNextResourceFilter()
   at Microsoft.AspNetCore.Mvc.Internal.ResourceInvoker.Rethrow(ResourceExecutedContext context)
   at Microsoft.AspNetCore.Mvc.Internal.ResourceInvoker.Next(State& next, Scope& scope, Object& state, Boolean& isCompleted)
   at Microsoft.AspNetCore.Mvc.Internal.ResourceInvoker.InvokeFilterPipelineAsync()
   at Microsoft.AspNetCore.Mvc.Internal.ResourceInvoker.InvokeAsync()
   at Microsoft.AspNetCore.Routing.EndpointMiddleware.Invoke(HttpContext httpContext)
   at Microsoft.AspNetCore.Routing.EndpointRoutingMiddleware.Invoke(HttpContext httpContext)
   at THD.Core.Api.Private.ErrorHandlingMiddleware.Invoke(HttpContext context) in C:\Work Project\React Project\eFilling\EFilling.WebApi\THD.Core.Api\THD.Core.Api.Private\Core\ErrorHandlingMiddleware.cs:line 24
2020/01/19 15:37:40.992    37   System.NullReferenceException: Object reference not set to an instance of an object.
   at THD.Core.Api.Repository.DataHandler.DocMenuHomeRepository.MenuHome1InterfaceDataAsync(String RegisterId) in C:\Work Project\React Project\eFilling\EFilling.WebApi\THD.Core.Api\THD.Core.Api.Repository\DataHandler\DocMenuHomeRepository.cs:line 71
   at THD.Core.Api.Business.DocMenuHomeService.MenuHome1InterfaceDataAsync(String RegisterId) in C:\Work Project\React Project\eFilling\EFilling.WebApi\THD.Core.Api\THD.Core.Api.Business\DocMenuHomeService.cs:line 34
   at THD.Core.Api.Private.Controllers.PrivateDocMenuHomeController.MenuHome1InterfaceData(String RegisterId) in C:\Work Project\React Project\eFilling\EFilling.WebApi\THD.Core.Api\THD.Core.Api.Private\Controllers\PrivateDocMenuHomeController.cs:line 37
   at Microsoft.AspNetCore.Mvc.Internal.ActionMethodExecutor.TaskOfIActionResultExecutor.Execute(IActionResultTypeMapper mapper, ObjectMethodExecutor executor, Object controller, Object[] arguments)
   at System.Threading.Tasks.ValueTask`1.get_Result()
   at Microsoft.AspNetCore.Mvc.Internal.ControllerActionInvoker.InvokeActionMethodAsync()
   at Microsoft.AspNetCore.Mvc.Internal.ControllerActionInvoker.InvokeNextActionFilterAsync()
   at Microsoft.AspNetCore.Mvc.Internal.ControllerActionInvoker.Rethrow(ActionExecutedContext context)
   at Microsoft.AspNetCore.Mvc.Internal.ControllerActionInvoker.Next(State& next, Scope& scope, Object& state, Boolean& isCompleted)
   at Microsoft.AspNetCore.Mvc.Internal.ControllerActionInvoker.InvokeInnerFilterAsync()
   at Microsoft.AspNetCore.Mvc.Internal.ResourceInvoker.InvokeNextResourceFilter()
   at Microsoft.AspNetCore.Mvc.Internal.ResourceInvoker.Rethrow(ResourceExecutedContext context)
   at Microsoft.AspNetCore.Mvc.Internal.ResourceInvoker.Next(State& next, Scope& scope, Object& state, Boolean& isCompleted)
   at Microsoft.AspNetCore.Mvc.Internal.ResourceInvoker.InvokeFilterPipelineAsync()
   at Microsoft.AspNetCore.Mvc.Internal.ResourceInvoker.InvokeAsync()
   at Microsoft.AspNetCore.Routing.EndpointMiddleware.Invoke(HttpContext httpContext)
   at Microsoft.AspNetCore.Routing.EndpointRoutingMiddleware.Invoke(HttpContext httpContext)
   at THD.Core.Api.Private.ErrorHandlingMiddleware.Invoke(HttpContext context) in C:\Work Project\React Project\eFilling\EFilling.WebApi\THD.Core.Api\THD.Core.Api.Private\Core\ErrorHandlingMiddleware.cs:line 24
2020/01/19 15:37:59.709    32   System.NullReferenceException: Object reference not set to an instance of an object.
   at THD.Core.Api.Repository.DataHandler.DocMenuHomeRepository.MenuHome1InterfaceDataAsync(String RegisterId) in C:\Work Project\React Project\eFilling\EFilling.WebApi\THD.Core.Api\THD.Core.Api.Repository\DataHandler\DocMenuHomeRepository.cs:line 71
   at THD.Core.Api.Business.DocMenuHomeService.MenuHome1InterfaceDataAsync(String RegisterId) in C:\Work Project\React Project\eFilling\EFilling.WebApi\THD.Core.Api\THD.Core.Api.Business\DocMenuHomeService.cs:line 34
   at THD.Core.Api.Private.Controllers.PrivateDocMenuHomeController.MenuHome1InterfaceData(String RegisterId) in C:\Work Project\React Project\eFilling\EFilling.WebApi\THD.Core.Api\THD.Core.Api.Private\Controllers\PrivateDocMenuHomeController.cs:line 37
   at Microsoft.AspNetCore.Mvc.Internal.ActionMethodExecutor.TaskOfIActionResultExecutor.Execute(IActionResultTypeMapper mapper, ObjectMethodExecutor executor, Object controller, Object[] arguments)
   at System.Threading.Tasks.ValueTask`1.get_Result()
   at Microsoft.AspNetCore.Mvc.Internal.ControllerActionInvoker.InvokeActionMethodAsync()
   at Microsoft.AspNetCore.Mvc.Internal.ControllerActionInvoker.InvokeNextActionFilterAsync()
   at Microsoft.AspNetCore.Mvc.Internal.ControllerActionInvoker.Rethrow(ActionExecutedContext context)
   at Microsoft.AspNetCore.Mvc.Internal.ControllerActionInvoker.Next(State& next, Scope& scope, Object& state, Boolean& isCompleted)
   at Microsoft.AspNetCore.Mvc.Internal.ControllerActionInvoker.InvokeInnerFilterAsync()
   at Microsoft.AspNetCore.Mvc.Internal.ResourceInvoker.InvokeNextResourceFilter()
   at Microsoft.AspNetCore.Mvc.Internal.ResourceInvoker.Rethrow(ResourceExecutedContext context)
   at Microsoft.AspNetCore.Mvc.Internal.ResourceInvoker.Next(State& next, Scope& scope, Object& state, Boolean& isCompleted)
   at Microsoft.AspNetCore.Mvc.Internal.ResourceInvoker.InvokeFilterPipelineAsync()
   at Microsoft.AspNetCore.Mvc.Internal.ResourceInvoker.InvokeAsync()
   at Microsoft.AspNetCore.Routing.EndpointMiddleware.Invoke(HttpContext httpContext)
   at Microsoft.AspNetCore.Routing.EndpointRoutingMiddleware.Invoke(HttpContext httpContext)
   at THD.Core.Api.Private.ErrorHandlingMiddleware.Invoke(HttpContext context) in C:\Work Project\React Project\eFilling\EFilling.WebApi\THD.Core.Api\THD.Core.Api.Private\Core\ErrorHandlingMiddleware.cs:line 24
2020/01/19 15:39:09.529    42   System.NullReferenceException: Object reference not set to an instance of an object.
   at THD.Core.Api.Repository.DataHandler.DocMenuHomeRepository.MenuHome1InterfaceDataAsync(String RegisterId) in C:\Work Project\React Project\eFilling\EFilling.WebApi\THD.Core.Api\THD.Core.Api.Repository\DataHandler\DocMenuHomeRepository.cs:line 71
   at THD.Core.Api.Business.DocMenuHomeService.MenuHome1InterfaceDataAsync(String RegisterId) in C:\Work Project\React Project\eFilling\EFilling.WebApi\THD.Core.Api\THD.Core.Api.Business\DocMenuHomeService.cs:line 34
   at THD.Core.Api.Private.Controllers.PrivateDocMenuHomeController.MenuHome1InterfaceData(String RegisterId) in C:\Work Project\React Project\eFilling\EFilling.WebApi\THD.Core.Api\THD.Core.Api.Private\Controllers\PrivateDocMenuHomeController.cs:line 37
   at Microsoft.AspNetCore.Mvc.Internal.ActionMethodExecutor.TaskOfIActionResultExecutor.Execute(IActionResultTypeMapper mapper, ObjectMethodExecutor executor, Object controller, Object[] arguments)
   at System.Threading.Tasks.ValueTask`1.get_Result()
   at Microsoft.AspNetCore.Mvc.Internal.ControllerActionInvoker.InvokeActionMethodAsync()
   at Microsoft.AspNetCore.Mvc.Internal.ControllerActionInvoker.InvokeNextActionFilterAsync()
   at Microsoft.AspNetCore.Mvc.Internal.ControllerActionInvoker.Rethrow(ActionExecutedContext context)
   at Microsoft.AspNetCore.Mvc.Internal.ControllerActionInvoker.Next(State& next, Scope& scope, Object& state, Boolean& isCompleted)
   at Microsoft.AspNetCore.Mvc.Internal.ControllerActionInvoker.InvokeInnerFilterAsync()
   at Microsoft.AspNetCore.Mvc.Internal.ResourceInvoker.InvokeNextResourceFilter()
   at Microsoft.AspNetCore.Mvc.Internal.ResourceInvoker.Rethrow(ResourceExecutedContext context)
   at Microsoft.AspNetCore.Mvc.Internal.ResourceInvoker.Next(State& next, Scope& scope, Object& state, Boolean& isCompleted)
   at Microsoft.AspNetCore.Mvc.Internal.ResourceInvoker.InvokeFilterPipelineAsync()
   at Microsoft.AspNetCore.Mvc.Internal.ResourceInvoker.InvokeAsync()
   at Microsoft.AspNetCore.Routing.EndpointMiddleware.Invoke(HttpContext httpContext)
   at Microsoft.AspNetCore.Routing.EndpointRoutingMiddleware.Invoke(HttpContext httpContext)
   at THD.Core.Api.Private.ErrorHandlingMiddleware.Invoke(HttpContext context) in C:\Work Project\React Project\eFilling\EFilling.WebApi\THD.Core.Api\THD.Core.Api.Private\Core\ErrorHandlingMiddleware.cs:line 24
2020/01/19 15:41:26.649    52   System.NullReferenceException: Object reference not set to an instance of an object.
   at THD.Core.Api.Repository.DataHandler.DocMenuHomeRepository.MenuHome1InterfaceDataAsync(String RegisterId) in C:\Work Project\React Project\eFilling\EFilling.WebApi\THD.Core.Api\THD.Core.Api.Repository\DataHandler\DocMenuHomeRepository.cs:line 71
   at THD.Core.Api.Business.DocMenuHomeService.MenuHome1InterfaceDataAsync(String RegisterId) in C:\Work Project\React Project\eFilling\EFilling.WebApi\THD.Core.Api\THD.Core.Api.Business\DocMenuHomeService.cs:line 34
   at THD.Core.Api.Private.Controllers.PrivateDocMenuHomeController.MenuHome1InterfaceData(String RegisterId) in C:\Work Project\React Project\eFilling\EFilling.WebApi\THD.Core.Api\THD.Core.Api.Private\Controllers\PrivateDocMenuHomeController.cs:line 37
   at Microsoft.AspNetCore.Mvc.Internal.ActionMethodExecutor.TaskOfIActionResultExecutor.Execute(IActionResultTypeMapper mapper, ObjectMethodExecutor executor, Object controller, Object[] arguments)
   at System.Threading.Tasks.ValueTask`1.get_Result()
   at Microsoft.AspNetCore.Mvc.Internal.ControllerActionInvoker.InvokeActionMethodAsync()
   at Microsoft.AspNetCore.Mvc.Internal.ControllerActionInvoker.InvokeNextActionFilterAsync()
   at Microsoft.AspNetCore.Mvc.Internal.ControllerActionInvoker.Rethrow(ActionExecutedContext context)
   at Microsoft.AspNetCore.Mvc.Internal.ControllerActionInvoker.Next(State& next, Scope& scope, Object& state, Boolean& isCompleted)
   at Microsoft.AspNetCore.Mvc.Internal.ControllerActionInvoker.InvokeInnerFilterAsync()
   at Microsoft.AspNetCore.Mvc.Internal.ResourceInvoker.InvokeNextResourceFilter()
   at Microsoft.AspNetCore.Mvc.Internal.ResourceInvoker.Rethrow(ResourceExecutedContext context)
   at Microsoft.AspNetCore.Mvc.Internal.ResourceInvoker.Next(State& next, Scope& scope, Object& state, Boolean& isCompleted)
   at Microsoft.AspNetCore.Mvc.Internal.ResourceInvoker.InvokeFilterPipelineAsync()
   at Microsoft.AspNetCore.Mvc.Internal.ResourceInvoker.InvokeAsync()
   at Microsoft.AspNetCore.Routing.EndpointMiddleware.Invoke(HttpContext httpContext)
   at Microsoft.AspNetCore.Routing.EndpointRoutingMiddleware.Invoke(HttpContext httpContext)
   at THD.Core.Api.Private.ErrorHandlingMiddleware.Invoke(HttpContext context) in C:\Work Project\React Project\eFilling\EFilling.WebApi\THD.Core.Api\THD.Core.Api.Private\Core\ErrorHandlingMiddleware.cs:line 24
2020/01/19 15:42:49.887    52   System.NullReferenceException: Object reference not set to an instance of an object.
   at THD.Core.Api.Repository.DataHandler.DocMenuHomeRepository.MenuHome1InterfaceDataAsync(String RegisterId) in C:\Work Project\React Project\eFilling\EFilling.WebApi\THD.Core.Api\THD.Core.Api.Repository\DataHandler\DocMenuHomeRepository.cs:line 71
   at THD.Core.Api.Business.DocMenuHomeService.MenuHome1InterfaceDataAsync(String RegisterId) in C:\Work Project\React Project\eFilling\EFilling.WebApi\THD.Core.Api\THD.Core.Api.Business\DocMenuHomeService.cs:line 34
   at THD.Core.Api.Private.Controllers.PrivateDocMenuHomeController.MenuHome1InterfaceData(String RegisterId) in C:\Work Project\React Project\eFilling\EFilling.WebApi\THD.Core.Api\THD.Core.Api.Private\Controllers\PrivateDocMenuHomeController.cs:line 37
   at Microsoft.AspNetCore.Mvc.Internal.ActionMethodExecutor.TaskOfIActionResultExecutor.Execute(IActionResultTypeMapper mapper, ObjectMethodExecutor executor, Object controller, Object[] arguments)
   at System.Threading.Tasks.ValueTask`1.get_Result()
   at Microsoft.AspNetCore.Mvc.Internal.ControllerActionInvoker.InvokeActionMethodAsync()
   at Microsoft.AspNetCore.Mvc.Internal.ControllerActionInvoker.InvokeNextActionFilterAsync()
   at Microsoft.AspNetCore.Mvc.Internal.ControllerActionInvoker.Rethrow(ActionExecutedContext context)
   at Microsoft.AspNetCore.Mvc.Internal.ControllerActionInvoker.Next(State& next, Scope& scope, Object& state, Boolean& isCompleted)
   at Microsoft.AspNetCore.Mvc.Internal.ControllerActionInvoker.InvokeInnerFilterAsync()
   at Microsoft.AspNetCore.Mvc.Internal.ResourceInvoker.InvokeNextResourceFilter()
   at Microsoft.AspNetCore.Mvc.Internal.ResourceInvoker.Rethrow(ResourceExecutedContext context)
   at Microsoft.AspNetCore.Mvc.Internal.ResourceInvoker.Next(State& next, Scope& scope, Object& state, Boolean& isCompleted)
   at Microsoft.AspNetCore.Mvc.Internal.ResourceInvoker.InvokeFilterPipelineAsync()
   at Microsoft.AspNetCore.Mvc.Internal.ResourceInvoker.InvokeAsync()
   at Microsoft.AspNetCore.Routing.EndpointMiddleware.Invoke(HttpContext httpContext)
   at Microsoft.AspNetCore.Routing.EndpointRoutingMiddleware.Invoke(HttpContext httpContext)
   at THD.Core.Api.Private.ErrorHandlingMiddleware.Invoke(HttpContext context) in C:\Work Project\React Project\eFilling\EFilling.WebApi\THD.Core.Api\THD.Core.Api.Private\Core\ErrorHandlingMiddleware.cs:line 24
2020/01/19 15:43:10.007    53   System.NullReferenceException: Object reference not set to an instance of an object.
   at THD.Core.Api.Repository.DataHandler.DocMenuHomeRepository.MenuHome1InterfaceDataAsync(String RegisterId) in C:\Work Project\React Project\eFilling\EFilling.WebApi\THD.Core.Api\THD.Core.Api.Repository\DataHandler\DocMenuHomeRepository.cs:line 71
   at THD.Core.Api.Business.DocMenuHomeService.MenuHome1InterfaceDataAsync(String RegisterId) in C:\Work Project\React Project\eFilling\EFilling.WebApi\THD.Core.Api\THD.Core.Api.Business\DocMenuHomeService.cs:line 34
   at THD.Core.Api.Private.Controllers.PrivateDocMenuHomeController.MenuHome1InterfaceData(String RegisterId) in C:\Work Project\React Project\eFilling\EFilling.WebApi\THD.Core.Api\THD.Core.Api.Private\Controllers\PrivateDocMenuHomeController.cs:line 37
   at Microsoft.AspNetCore.Mvc.Internal.ActionMethodExecutor.TaskOfIActionResultExecutor.Execute(IActionResultTypeMapper mapper, ObjectMethodExecutor executor, Object controller, Object[] arguments)
   at System.Threading.Tasks.ValueTask`1.get_Result()
   at Microsoft.AspNetCore.Mvc.Internal.ControllerActionInvoker.InvokeActionMethodAsync()
   at Microsoft.AspNetCore.Mvc.Internal.ControllerActionInvoker.InvokeNextActionFilterAsync()
   at Microsoft.AspNetCore.Mvc.Internal.ControllerActionInvoker.Rethrow(ActionExecutedContext context)
   at Microsoft.AspNetCore.Mvc.Internal.ControllerActionInvoker.Next(State& next, Scope& scope, Object& state, Boolean& isCompleted)
   at Microsoft.AspNetCore.Mvc.Internal.ControllerActionInvoker.InvokeInnerFilterAsync()
   at Microsoft.AspNetCore.Mvc.Internal.ResourceInvoker.InvokeNextResourceFilter()
   at Microsoft.AspNetCore.Mvc.Internal.ResourceInvoker.Rethrow(ResourceExecutedContext context)
   at Microsoft.AspNetCore.Mvc.Internal.ResourceInvoker.Next(State& next, Scope& scope, Object& state, Boolean& isCompleted)
   at Microsoft.AspNetCore.Mvc.Internal.ResourceInvoker.InvokeFilterPipelineAsync()
   at Microsoft.AspNetCore.Mvc.Internal.ResourceInvoker.InvokeAsync()
   at Microsoft.AspNetCore.Routing.EndpointMiddleware.Invoke(HttpContext httpContext)
   at Microsoft.AspNetCore.Routing.EndpointRoutingMiddleware.Invoke(HttpContext httpContext)
   at THD.Core.Api.Private.ErrorHandlingMiddleware.Invoke(HttpContext context) in C:\Work Project\React Project\eFilling\EFilling.WebApi\THD.Core.Api\THD.Core.Api.Private\Core\ErrorHandlingMiddleware.cs:line 24
2020/01/19 15:43:16.966    53   System.NullReferenceException: Object reference not set to an instance of an object.
   at THD.Core.Api.Repository.DataHandler.DocMenuHomeRepository.MenuHome1InterfaceDataAsync(String RegisterId) in C:\Work Project\React Project\eFilling\EFilling.WebApi\THD.Core.Api\THD.Core.Api.Repository\DataHandler\DocMenuHomeRepository.cs:line 71
   at THD.Core.Api.Business.DocMenuHomeService.MenuHome1InterfaceDataAsync(String RegisterId) in C:\Work Project\React Project\eFilling\EFilling.WebApi\THD.Core.Api\THD.Core.Api.Business\DocMenuHomeService.cs:line 34
   at THD.Core.Api.Private.Controllers.PrivateDocMenuHomeController.MenuHome1InterfaceData(String RegisterId) in C:\Work Project\React Project\eFilling\EFilling.WebApi\THD.Core.Api\THD.Core.Api.Private\Controllers\PrivateDocMenuHomeController.cs:line 37
   at Microsoft.AspNetCore.Mvc.Internal.ActionMethodExecutor.TaskOfIActionResultExecutor.Execute(IActionResultTypeMapper mapper, ObjectMethodExecutor executor, Object controller, Object[] arguments)
   at System.Threading.Tasks.ValueTask`1.get_Result()
   at Microsoft.AspNetCore.Mvc.Internal.ControllerActionInvoker.InvokeActionMethodAsync()
   at Microsoft.AspNetCore.Mvc.Internal.ControllerActionInvoker.InvokeNextActionFilterAsync()
   at Microsoft.AspNetCore.Mvc.Internal.ControllerActionInvoker.Rethrow(ActionExecutedContext context)
   at Microsoft.AspNetCore.Mvc.Internal.ControllerActionInvoker.Next(State& next, Scope& scope, Object& state, Boolean& isCompleted)
   at Microsoft.AspNetCore.Mvc.Internal.ControllerActionInvoker.InvokeInnerFilterAsync()
   at Microsoft.AspNetCore.Mvc.Internal.ResourceInvoker.InvokeNextResourceFilter()
   at Microsoft.AspNetCore.Mvc.Internal.ResourceInvoker.Rethrow(ResourceExecutedContext context)
   at Microsoft.AspNetCore.Mvc.Internal.ResourceInvoker.Next(State& next, Scope& scope, Object& state, Boolean& isCompleted)
   at Microsoft.AspNetCore.Mvc.Internal.ResourceInvoker.InvokeFilterPipelineAsync()
   at Microsoft.AspNetCore.Mvc.Internal.ResourceInvoker.InvokeAsync()
   at Microsoft.AspNetCore.Routing.EndpointMiddleware.Invoke(HttpContext httpContext)
   at Microsoft.AspNetCore.Routing.EndpointRoutingMiddleware.Invoke(HttpContext httpContext)
   at THD.Core.Api.Private.ErrorHandlingMiddleware.Invoke(HttpContext context) in C:\Work Project\React Project\eFilling\EFilling.WebApi\THD.Core.Api\THD.Core.Api.Private\Core\ErrorHandlingMiddleware.cs:line 24
2020/01/19 15:44:23.696    7   System.NullReferenceException: Object reference not set to an instance of an object.
   at THD.Core.Api.Repository.DataHandler.DocMenuHomeRepository.MenuHome1InterfaceDataAsync(String RegisterId) in C:\Work Project\React Project\eFilling\EFilling.WebApi\THD.Core.Api\THD.Core.Api.Repository\DataHandler\DocMenuHomeRepository.cs:line 71
   at THD.Core.Api.Business.DocMenuHomeService.MenuHome1InterfaceDataAsync(String RegisterId) in C:\Work Project\React Project\eFilling\EFilling.WebApi\THD.Core.Api\THD.Core.Api.Business\DocMenuHomeService.cs:line 34
   at THD.Core.Api.Private.Controllers.PrivateDocMenuHomeController.MenuHome1InterfaceData(String RegisterId) in C:\Work Project\React Project\eFilling\EFilling.WebApi\THD.Core.Api\THD.Core.Api.Private\Controllers\PrivateDocMenuHomeController.cs:line 37
   at Microsoft.AspNetCore.Mvc.Internal.ActionMethodExecutor.TaskOfIActionResultExecutor.Execute(IActionResultTypeMapper mapper, ObjectMethodExecutor executor, Object controller, Object[] arguments)
   at System.Threading.Tasks.ValueTask`1.get_Result()
   at Microsoft.AspNetCore.Mvc.Internal.ControllerActionInvoker.InvokeActionMethodAsync()
   at Microsoft.AspNetCore.Mvc.Internal.ControllerActionInvoker.InvokeNextActionFilterAsync()
   at Microsoft.AspNetCore.Mvc.Internal.ControllerActionInvoker.Rethrow(ActionExecutedContext context)
   at Microsoft.AspNetCore.Mvc.Internal.ControllerActionInvoker.Next(State& next, Scope& scope, Object& state, Boolean& isCompleted)
   at Microsoft.AspNetCore.Mvc.Internal.ControllerActionInvoker.InvokeInnerFilterAsync()
   at Microsoft.AspNetCore.Mvc.Internal.ResourceInvoker.InvokeNextResourceFilter()
   at Microsoft.AspNetCore.Mvc.Internal.ResourceInvoker.Rethrow(ResourceExecutedContext context)
   at Microsoft.AspNetCore.Mvc.Internal.ResourceInvoker.Next(State& next, Scope& scope, Object& state, Boolean& isCompleted)
   at Microsoft.AspNetCore.Mvc.Internal.ResourceInvoker.InvokeFilterPipelineAsync()
   at Microsoft.AspNetCore.Mvc.Internal.ResourceInvoker.InvokeAsync()
   at Microsoft.AspNetCore.Routing.EndpointMiddleware.Invoke(HttpContext httpContext)
   at Microsoft.AspNetCore.Routing.EndpointRoutingMiddleware.Invoke(HttpContext httpContext)
   at THD.Core.Api.Private.ErrorHandlingMiddleware.Invoke(HttpContext context) in C:\Work Project\React Project\eFilling\EFilling.WebApi\THD.Core.Api\THD.Core.Api.Private\Core\ErrorHandlingMiddleware.cs:line 24
2020/01/19 15:44:27.088    11   System.NullReferenceException: Object reference not set to an instance of an object.
   at THD.Core.Api.Repository.DataHandler.DocMenuHomeRepository.MenuHome1InterfaceDataAsync(String RegisterId) in C:\Work Project\React Project\eFilling\EFilling.WebApi\THD.Core.Api\THD.Core.Api.Repository\DataHandler\DocMenuHomeRepository.cs:line 71
   at THD.Core.Api.Business.DocMenuHomeService.MenuHome1InterfaceDataAsync(String RegisterId) in C:\Work Project\React Project\eFilling\EFilling.WebApi\THD.Core.Api\THD.Core.Api.Business\DocMenuHomeService.cs:line 34
   at THD.Core.Api.Private.Controllers.PrivateDocMenuHomeController.MenuHome1InterfaceData(String RegisterId) in C:\Work Project\React Project\eFilling\EFilling.WebApi\THD.Core.Api\THD.Core.Api.Private\Controllers\PrivateDocMenuHomeController.cs:line 37
   at Microsoft.AspNetCore.Mvc.Internal.ActionMethodExecutor.TaskOfIActionResultExecutor.Execute(IActionResultTypeMapper mapper, ObjectMethodExecutor executor, Object controller, Object[] arguments)
   at System.Threading.Tasks.ValueTask`1.get_Result()
   at Microsoft.AspNetCore.Mvc.Internal.ControllerActionInvoker.InvokeActionMethodAsync()
   at Microsoft.AspNetCore.Mvc.Internal.ControllerActionInvoker.InvokeNextActionFilterAsync()
   at Microsoft.AspNetCore.Mvc.Internal.ControllerActionInvoker.Rethrow(ActionExecutedContext context)
   at Microsoft.AspNetCore.Mvc.Internal.ControllerActionInvoker.Next(State& next, Scope& scope, Object& state, Boolean& isCompleted)
   at Microsoft.AspNetCore.Mvc.Internal.ControllerActionInvoker.InvokeInnerFilterAsync()
   at Microsoft.AspNetCore.Mvc.Internal.ResourceInvoker.InvokeNextResourceFilter()
   at Microsoft.AspNetCore.Mvc.Internal.ResourceInvoker.Rethrow(ResourceExecutedContext context)
   at Microsoft.AspNetCore.Mvc.Internal.ResourceInvoker.Next(State& next, Scope& scope, Object& state, Boolean& isCompleted)
   at Microsoft.AspNetCore.Mvc.Internal.ResourceInvoker.InvokeFilterPipelineAsync()
   at Microsoft.AspNetCore.Mvc.Internal.ResourceInvoker.InvokeAsync()
   at Microsoft.AspNetCore.Routing.EndpointMiddleware.Invoke(HttpContext httpContext)
   at Microsoft.AspNetCore.Routing.EndpointRoutingMiddleware.Invoke(HttpContext httpContext)
   at THD.Core.Api.Private.ErrorHandlingMiddleware.Invoke(HttpContext context) in C:\Work Project\React Project\eFilling\EFilling.WebApi\THD.Core.Api\THD.Core.Api.Private\Core\ErrorHandlingMiddleware.cs:line 24
2020/01/19 15:44:40.791    11   System.NullReferenceException: Object reference not set to an instance of an object.
   at THD.Core.Api.Repository.DataHandler.DocMenuHomeRepository.MenuHome1InterfaceDataAsync(String RegisterId) in C:\Work Project\React Project\eFilling\EFilling.WebApi\THD.Core.Api\THD.Core.Api.Repository\DataHandler\DocMenuHomeRepository.cs:line 71
   at THD.Core.Api.Business.DocMenuHomeService.MenuHome1InterfaceDataAsync(String RegisterId) in C:\Work Project\React Project\eFilling\EFilling.WebApi\THD.Core.Api\THD.Core.Api.Business\DocMenuHomeService.cs:line 34
   at THD.Core.Api.Private.Controllers.PrivateDocMenuHomeController.MenuHome1InterfaceData(String RegisterId) in C:\Work Project\React Project\eFilling\EFilling.WebApi\THD.Core.Api\THD.Core.Api.Private\Controllers\PrivateDocMenuHomeController.cs:line 37
   at Microsoft.AspNetCore.Mvc.Internal.ActionMethodExecutor.TaskOfIActionResultExecutor.Execute(IActionResultTypeMapper mapper, ObjectMethodExecutor executor, Object controller, Object[] arguments)
   at System.Threading.Tasks.ValueTask`1.get_Result()
   at Microsoft.AspNetCore.Mvc.Internal.ControllerActionInvoker.InvokeActionMethodAsync()
   at Microsoft.AspNetCore.Mvc.Internal.ControllerActionInvoker.InvokeNextActionFilterAsync()
   at Microsoft.AspNetCore.Mvc.Internal.ControllerActionInvoker.Rethrow(ActionExecutedContext context)
   at Microsoft.AspNetCore.Mvc.Internal.ControllerActionInvoker.Next(State& next, Scope& scope, Object& state, Boolean& isCompleted)
   at Microsoft.AspNetCore.Mvc.Internal.ControllerActionInvoker.InvokeInnerFilterAsync()
   at Microsoft.AspNetCore.Mvc.Internal.ResourceInvoker.InvokeNextResourceFilter()
   at Microsoft.AspNetCore.Mvc.Internal.ResourceInvoker.Rethrow(ResourceExecutedContext context)
   at Microsoft.AspNetCore.Mvc.Internal.ResourceInvoker.Next(State& next, Scope& scope, Object& state, Boolean& isCompleted)
   at Microsoft.AspNetCore.Mvc.Internal.ResourceInvoker.InvokeFilterPipelineAsync()
   at Microsoft.AspNetCore.Mvc.Internal.ResourceInvoker.InvokeAsync()
   at Microsoft.AspNetCore.Routing.EndpointMiddleware.Invoke(HttpContext httpContext)
   at Microsoft.AspNetCore.Routing.EndpointRoutingMiddleware.Invoke(HttpContext httpContext)
   at THD.Core.Api.Private.ErrorHandlingMiddleware.Invoke(HttpContext context) in C:\Work Project\React Project\eFilling\EFilling.WebApi\THD.Core.Api\THD.Core.Api.Private\Core\ErrorHandlingMiddleware.cs:line 24
2020/01/19 15:45:16.577    13   System.NullReferenceException: Object reference not set to an instance of an object.
   at THD.Core.Api.Repository.DataHandler.DocMenuHomeRepository.MenuHome1InterfaceDataAsync(String RegisterId) in C:\Work Project\React Project\eFilling\EFilling.WebApi\THD.Core.Api\THD.Core.Api.Repository\DataHandler\DocMenuHomeRepository.cs:line 71
   at THD.Core.Api.Business.DocMenuHomeService.MenuHome1InterfaceDataAsync(String RegisterId) in C:\Work Project\React Project\eFilling\EFilling.WebApi\THD.Core.Api\THD.Core.Api.Business\DocMenuHomeService.cs:line 34
   at THD.Core.Api.Private.Controllers.PrivateDocMenuHomeController.MenuHome1InterfaceData(String RegisterId) in C:\Work Project\React Project\eFilling\EFilling.WebApi\THD.Core.Api\THD.Core.Api.Private\Controllers\PrivateDocMenuHomeController.cs:line 37
   at Microsoft.AspNetCore.Mvc.Internal.ActionMethodExecutor.TaskOfIActionResultExecutor.Execute(IActionResultTypeMapper mapper, ObjectMethodExecutor executor, Object controller, Object[] arguments)
   at System.Threading.Tasks.ValueTask`1.get_Result()
   at Microsoft.AspNetCore.Mvc.Internal.ControllerActionInvoker.InvokeActionMethodAsync()
   at Microsoft.AspNetCore.Mvc.Internal.ControllerActionInvoker.InvokeNextActionFilterAsync()
   at Microsoft.AspNetCore.Mvc.Internal.ControllerActionInvoker.Rethrow(ActionExecutedContext context)
   at Microsoft.AspNetCore.Mvc.Internal.ControllerActionInvoker.Next(State& next, Scope& scope, Object& state, Boolean& isCompleted)
   at Microsoft.AspNetCore.Mvc.Internal.ControllerActionInvoker.InvokeInnerFilterAsync()
   at Microsoft.AspNetCore.Mvc.Internal.ResourceInvoker.InvokeNextResourceFilter()
   at Microsoft.AspNetCore.Mvc.Internal.ResourceInvoker.Rethrow(ResourceExecutedContext context)
   at Microsoft.AspNetCore.Mvc.Internal.ResourceInvoker.Next(State& next, Scope& scope, Object& state, Boolean& isCompleted)
   at Microsoft.AspNetCore.Mvc.Internal.ResourceInvoker.InvokeFilterPipelineAsync()
   at Microsoft.AspNetCore.Mvc.Internal.ResourceInvoker.InvokeAsync()
   at Microsoft.AspNetCore.Routing.EndpointMiddleware.Invoke(HttpContext httpContext)
   at Microsoft.AspNetCore.Routing.EndpointRoutingMiddleware.Invoke(HttpContext httpContext)
   at THD.Core.Api.Private.ErrorHandlingMiddleware.Invoke(HttpContext context) in C:\Work Project\React Project\eFilling\EFilling.WebApi\THD.Core.Api\THD.Core.Api.Private\Core\ErrorHandlingMiddleware.cs:line 24
2020/01/19 15:46:08.180    12   System.NullReferenceException: Object reference not set to an instance of an object.
   at THD.Core.Api.Repository.DataHandler.DocMenuHomeRepository.MenuHome1InterfaceDataAsync(String RegisterId) in C:\Work Project\React Project\eFilling\EFilling.WebApi\THD.Core.Api\THD.Core.Api.Repository\DataHandler\DocMenuHomeRepository.cs:line 71
   at THD.Core.Api.Business.DocMenuHomeService.MenuHome1InterfaceDataAsync(String RegisterId) in C:\Work Project\React Project\eFilling\EFilling.WebApi\THD.Core.Api\THD.Core.Api.Business\DocMenuHomeService.cs:line 34
   at THD.Core.Api.Private.Controllers.PrivateDocMenuHomeController.MenuHome1InterfaceData(String RegisterId) in C:\Work Project\React Project\eFilling\EFilling.WebApi\THD.Core.Api\THD.Core.Api.Private\Controllers\PrivateDocMenuHomeController.cs:line 37
   at Microsoft.AspNetCore.Mvc.Internal.ActionMethodExecutor.TaskOfIActionResultExecutor.Execute(IActionResultTypeMapper mapper, ObjectMethodExecutor executor, Object controller, Object[] arguments)
   at System.Threading.Tasks.ValueTask`1.get_Result()
   at Microsoft.AspNetCore.Mvc.Internal.ControllerActionInvoker.InvokeActionMethodAsync()
   at Microsoft.AspNetCore.Mvc.Internal.ControllerActionInvoker.InvokeNextActionFilterAsync()
   at Microsoft.AspNetCore.Mvc.Internal.ControllerActionInvoker.Rethrow(ActionExecutedContext context)
   at Microsoft.AspNetCore.Mvc.Internal.ControllerActionInvoker.Next(State& next, Scope& scope, Object& state, Boolean& isCompleted)
   at Microsoft.AspNetCore.Mvc.Internal.ControllerActionInvoker.InvokeInnerFilterAsync()
   at Microsoft.AspNetCore.Mvc.Internal.ResourceInvoker.InvokeNextResourceFilter()
   at Microsoft.AspNetCore.Mvc.Internal.ResourceInvoker.Rethrow(ResourceExecutedContext context)
   at Microsoft.AspNetCore.Mvc.Internal.ResourceInvoker.Next(State& next, Scope& scope, Object& state, Boolean& isCompleted)
   at Microsoft.AspNetCore.Mvc.Internal.ResourceInvoker.InvokeFilterPipelineAsync()
   at Microsoft.AspNetCore.Mvc.Internal.ResourceInvoker.InvokeAsync()
   at Microsoft.AspNetCore.Routing.EndpointMiddleware.Invoke(HttpContext httpContext)
   at Microsoft.AspNetCore.Routing.EndpointRoutingMiddleware.Invoke(HttpContext httpContext)
   at THD.Core.Api.Private.ErrorHandlingMiddleware.Invoke(HttpContext context) in C:\Work Project\React Project\eFilling\EFilling.WebApi\THD.Core.Api\THD.Core.Api.Private\Core\ErrorHandlingMiddleware.cs:line 24
2020/01/19 21:27:40.196    32   System.InvalidCastException: Object cannot be cast from DBNull to other types.
   at System.DBNull.System.IConvertible.ToInt32(IFormatProvider provider)
   at THD.Core.Api.Repository.DataHandler.DocMeetingRoundRepository.GetMeetingRoundOfProjectAsync(Int32 year) in C:\Work Project\React Project\eFilling\EFilling.WebApi\THD.Core.Api\THD.Core.Api.Repository\DataHandler\DocMeetingRoundRepository.cs:line 50
   at THD.Core.Api.Repository.DataHandler.DocMenuC1Repository.MenuC1InterfaceDataAsync(String RegisterId) in C:\Work Project\React Project\eFilling\EFilling.WebApi\THD.Core.Api\THD.Core.Api.Repository\DataHandler\DocMenuC1Repository.cs:line 70
   at THD.Core.Api.Business.DocMenuCService.MenuC1InterfaceDataAsync(String RegisterId) in C:\Work Project\React Project\eFilling\EFilling.WebApi\THD.Core.Api\THD.Core.Api.Business\DocMenuCService.cs:line 47
   at THD.Core.Api.Private.Controllers.PrivateDocMenuCController.MenuC1InterfaceData(String RegisterId) in C:\Work Project\React Project\eFilling\EFilling.WebApi\THD.Core.Api\THD.Core.Api.Private\Controllers\PrivateDocMenuCController.cs:line 40
   at Microsoft.AspNetCore.Mvc.Internal.ActionMethodExecutor.TaskOfIActionResultExecutor.Execute(IActionResultTypeMapper mapper, ObjectMethodExecutor executor, Object controller, Object[] arguments)
   at System.Threading.Tasks.ValueTask`1.get_Result()
   at Microsoft.AspNetCore.Mvc.Internal.ControllerActionInvoker.InvokeActionMethodAsync()
   at Microsoft.AspNetCore.Mvc.Internal.ControllerActionInvoker.InvokeNextActionFilterAsync()
   at Microsoft.AspNetCore.Mvc.Internal.ControllerActionInvoker.Rethrow(ActionExecutedContext context)
   at Microsoft.AspNetCore.Mvc.Internal.ControllerActionInvoker.Next(State& next, Scope& scope, Object& state, Boolean& isCompleted)
   at Microsoft.AspNetCore.Mvc.Internal.ControllerActionInvoker.InvokeInnerFilterAsync()
   at Microsoft.AspNetCore.Mvc.Internal.ResourceInvoker.InvokeNextResourceFilter()
   at Microsoft.AspNetCore.Mvc.Internal.ResourceInvoker.Rethrow(ResourceExecutedContext context)
   at Microsoft.AspNetCore.Mvc.Internal.ResourceInvoker.Next(State& next, Scope& scope, Object& state, Boolean& isCompleted)
   at Microsoft.AspNetCore.Mvc.Internal.ResourceInvoker.InvokeFilterPipelineAsync()
   at Microsoft.AspNetCore.Mvc.Internal.ResourceInvoker.InvokeAsync()
   at Microsoft.AspNetCore.Routing.EndpointMiddleware.Invoke(HttpContext httpContext)
   at Microsoft.AspNetCore.Routing.EndpointRoutingMiddleware.Invoke(HttpContext httpContext)
   at THD.Core.Api.Private.ErrorHandlingMiddleware.Invoke(HttpContext context) in C:\Work Project\React Project\eFilling\EFilling.WebApi\THD.Core.Api\THD.Core.Api.Private\Core\ErrorHandlingMiddleware.cs:line 24
2020/01/19 21:28:02.328    42   System.InvalidCastException: Object cannot be cast from DBNull to other types.
   at System.DBNull.System.IConvertible.ToInt32(IFormatProvider provider)
   at THD.Core.Api.Repository.DataHandler.DocMeetingRoundRepository.GetMeetingRoundOfProjectAsync(Int32 year) in C:\Work Project\React Project\eFilling\EFilling.WebApi\THD.Core.Api\THD.Core.Api.Repository\DataHandler\DocMeetingRoundRepository.cs:line 50
   at THD.Core.Api.Repository.DataHandler.DocMenuC1Repository.MenuC1InterfaceDataAsync(String RegisterId) in C:\Work Project\React Project\eFilling\EFilling.WebApi\THD.Core.Api\THD.Core.Api.Repository\DataHandler\DocMenuC1Repository.cs:line 70
   at THD.Core.Api.Business.DocMenuCService.MenuC1InterfaceDataAsync(String RegisterId) in C:\Work Project\React Project\eFilling\EFilling.WebApi\THD.Core.Api\THD.Core.Api.Business\DocMenuCService.cs:line 47
   at THD.Core.Api.Private.Controllers.PrivateDocMenuCController.MenuC1InterfaceData(String RegisterId) in C:\Work Project\React Project\eFilling\EFilling.WebApi\THD.Core.Api\THD.Core.Api.Private\Controllers\PrivateDocMenuCController.cs:line 40
   at Microsoft.AspNetCore.Mvc.Internal.ActionMethodExecutor.TaskOfIActionResultExecutor.Execute(IActionResultTypeMapper mapper, ObjectMethodExecutor executor, Object controller, Object[] arguments)
   at System.Threading.Tasks.ValueTask`1.get_Result()
   at Microsoft.AspNetCore.Mvc.Internal.ControllerActionInvoker.InvokeActionMethodAsync()
   at Microsoft.AspNetCore.Mvc.Internal.ControllerActionInvoker.InvokeNextActionFilterAsync()
   at Microsoft.AspNetCore.Mvc.Internal.ControllerActionInvoker.Rethrow(ActionExecutedContext context)
   at Microsoft.AspNetCore.Mvc.Internal.ControllerActionInvoker.Next(State& next, Scope& scope, Object& state, Boolean& isCompleted)
   at Microsoft.AspNetCore.Mvc.Internal.ControllerActionInvoker.InvokeInnerFilterAsync()
   at Microsoft.AspNetCore.Mvc.Internal.ResourceInvoker.InvokeNextResourceFilter()
   at Microsoft.AspNetCore.Mvc.Internal.ResourceInvoker.Rethrow(ResourceExecutedContext context)
   at Microsoft.AspNetCore.Mvc.Internal.ResourceInvoker.Next(State& next, Scope& scope, Object& state, Boolean& isCompleted)
   at Microsoft.AspNetCore.Mvc.Internal.ResourceInvoker.InvokeFilterPipelineAsync()
   at Microsoft.AspNetCore.Mvc.Internal.ResourceInvoker.InvokeAsync()
   at Microsoft.AspNetCore.Routing.EndpointMiddleware.Invoke(HttpContext httpContext)
   at Microsoft.AspNetCore.Routing.EndpointRoutingMiddleware.Invoke(HttpContext httpContext)
   at THD.Core.Api.Private.ErrorHandlingMiddleware.Invoke(HttpContext context) in C:\Work Project\React Project\eFilling\EFilling.WebApi\THD.Core.Api\THD.Core.Api.Private\Core\ErrorHandlingMiddleware.cs:line 24
2020/01/19 21:28:17.223    34   System.InvalidCastException: Object cannot be cast from DBNull to other types.
   at System.DBNull.System.IConvertible.ToInt32(IFormatProvider provider)
   at THD.Core.Api.Repository.DataHandler.DocMeetingRoundRepository.GetMeetingRoundOfProjectAsync(Int32 year) in C:\Work Project\React Project\eFilling\EFilling.WebApi\THD.Core.Api\THD.Core.Api.Repository\DataHandler\DocMeetingRoundRepository.cs:line 50
   at THD.Core.Api.Repository.DataHandler.DocMenuC1Repository.MenuC1InterfaceDataAsync(String RegisterId) in C:\Work Project\React Project\eFilling\EFilling.WebApi\THD.Core.Api\THD.Core.Api.Repository\DataHandler\DocMenuC1Repository.cs:line 70
   at THD.Core.Api.Business.DocMenuCService.MenuC1InterfaceDataAsync(String RegisterId) in C:\Work Project\React Project\eFilling\EFilling.WebApi\THD.Core.Api\THD.Core.Api.Business\DocMenuCService.cs:line 47
   at THD.Core.Api.Private.Controllers.PrivateDocMenuCController.MenuC1InterfaceData(String RegisterId) in C:\Work Project\React Project\eFilling\EFilling.WebApi\THD.Core.Api\THD.Core.Api.Private\Controllers\PrivateDocMenuCController.cs:line 40
   at Microsoft.AspNetCore.Mvc.Internal.ActionMethodExecutor.TaskOfIActionResultExecutor.Execute(IActionResultTypeMapper mapper, ObjectMethodExecutor executor, Object controller, Object[] arguments)
   at System.Threading.Tasks.ValueTask`1.get_Result()
   at Microsoft.AspNetCore.Mvc.Internal.ControllerActionInvoker.InvokeActionMethodAsync()
   at Microsoft.AspNetCore.Mvc.Internal.ControllerActionInvoker.InvokeNextActionFilterAsync()
   at Microsoft.AspNetCore.Mvc.Internal.ControllerActionInvoker.Rethrow(ActionExecutedContext context)
   at Microsoft.AspNetCore.Mvc.Internal.ControllerActionInvoker.Next(State& next, Scope& scope, Object& state, Boolean& isCompleted)
   at Microsoft.AspNetCore.Mvc.Internal.ControllerActionInvoker.InvokeInnerFilterAsync()
   at Microsoft.AspNetCore.Mvc.Internal.ResourceInvoker.InvokeNextResourceFilter()
   at Microsoft.AspNetCore.Mvc.Internal.ResourceInvoker.Rethrow(ResourceExecutedContext context)
   at Microsoft.AspNetCore.Mvc.Internal.ResourceInvoker.Next(State& next, Scope& scope, Object& state, Boolean& isCompleted)
   at Microsoft.AspNetCore.Mvc.Internal.ResourceInvoker.InvokeFilterPipelineAsync()
   at Microsoft.AspNetCore.Mvc.Internal.ResourceInvoker.InvokeAsync()
   at Microsoft.AspNetCore.Routing.EndpointMiddleware.Invoke(HttpContext httpContext)
   at Microsoft.AspNetCore.Routing.EndpointRoutingMiddleware.Invoke(HttpContext httpContext)
   at THD.Core.Api.Private.ErrorHandlingMiddleware.Invoke(HttpContext context) in C:\Work Project\React Project\eFilling\EFilling.WebApi\THD.Core.Api\THD.Core.Api.Private\Core\ErrorHandlingMiddleware.cs:line 24
2020/01/19 21:28:39.758    36   System.InvalidCastException: Object cannot be cast from DBNull to other types.
   at System.DBNull.System.IConvertible.ToInt32(IFormatProvider provider)
   at THD.Core.Api.Repository.DataHandler.DocMeetingRoundRepository.GetMeetingRoundOfProjectAsync(Int32 year) in C:\Work Project\React Project\eFilling\EFilling.WebApi\THD.Core.Api\THD.Core.Api.Repository\DataHandler\DocMeetingRoundRepository.cs:line 50
   at THD.Core.Api.Repository.DataHandler.DocMenuC1Repository.MenuC1InterfaceDataAsync(String RegisterId) in C:\Work Project\React Project\eFilling\EFilling.WebApi\THD.Core.Api\THD.Core.Api.Repository\DataHandler\DocMenuC1Repository.cs:line 70
   at THD.Core.Api.Business.DocMenuCService.MenuC1InterfaceDataAsync(String RegisterId) in C:\Work Project\React Project\eFilling\EFilling.WebApi\THD.Core.Api\THD.Core.Api.Business\DocMenuCService.cs:line 47
   at THD.Core.Api.Private.Controllers.PrivateDocMenuCController.MenuC1InterfaceData(String RegisterId) in C:\Work Project\React Project\eFilling\EFilling.WebApi\THD.Core.Api\THD.Core.Api.Private\Controllers\PrivateDocMenuCController.cs:line 40
   at Microsoft.AspNetCore.Mvc.Internal.ActionMethodExecutor.TaskOfIActionResultExecutor.Execute(IActionResultTypeMapper mapper, ObjectMethodExecutor executor, Object controller, Object[] arguments)
   at System.Threading.Tasks.ValueTask`1.get_Result()
   at Microsoft.AspNetCore.Mvc.Internal.ControllerActionInvoker.InvokeActionMethodAsync()
   at Microsoft.AspNetCore.Mvc.Internal.ControllerActionInvoker.InvokeNextActionFilterAsync()
   at Microsoft.AspNetCore.Mvc.Internal.ControllerActionInvoker.Rethrow(ActionExecutedContext context)
   at Microsoft.AspNetCore.Mvc.Internal.ControllerActionInvoker.Next(State& next, Scope& scope, Object& state, Boolean& isCompleted)
   at Microsoft.AspNetCore.Mvc.Internal.ControllerActionInvoker.InvokeInnerFilterAsync()
   at Microsoft.AspNetCore.Mvc.Internal.ResourceInvoker.InvokeNextResourceFilter()
   at Microsoft.AspNetCore.Mvc.Internal.ResourceInvoker.Rethrow(ResourceExecutedContext context)
   at Microsoft.AspNetCore.Mvc.Internal.ResourceInvoker.Next(State& next, Scope& scope, Object& state, Boolean& isCompleted)
   at Microsoft.AspNetCore.Mvc.Internal.ResourceInvoker.InvokeFilterPipelineAsync()
   at Microsoft.AspNetCore.Mvc.Internal.ResourceInvoker.InvokeAsync()
   at Microsoft.AspNetCore.Routing.EndpointMiddleware.Invoke(HttpContext httpContext)
   at Microsoft.AspNetCore.Routing.EndpointRoutingMiddleware.Invoke(HttpContext httpContext)
   at THD.Core.Api.Private.ErrorHandlingMiddleware.Invoke(HttpContext context) in C:\Work Project\React Project\eFilling\EFilling.WebApi\THD.Core.Api\THD.Core.Api.Private\Core\ErrorHandlingMiddleware.cs:line 24
2020/01/19 21:29:22.736    35   System.InvalidCastException: Object cannot be cast from DBNull to other types.
   at System.DBNull.System.IConvertible.ToInt32(IFormatProvider provider)
   at THD.Core.Api.Repository.DataHandler.DocMeetingRoundRepository.GetMeetingRoundOfProjectAsync(Int32 year) in C:\Work Project\React Project\eFilling\EFilling.WebApi\THD.Core.Api\THD.Core.Api.Repository\DataHandler\DocMeetingRoundRepository.cs:line 50
   at THD.Core.Api.Repository.DataHandler.DocMenuC1Repository.MenuC1InterfaceDataAsync(String RegisterId) in C:\Work Project\React Project\eFilling\EFilling.WebApi\THD.Core.Api\THD.Core.Api.Repository\DataHandler\DocMenuC1Repository.cs:line 70
   at THD.Core.Api.Business.DocMenuCService.MenuC1InterfaceDataAsync(String RegisterId) in C:\Work Project\React Project\eFilling\EFilling.WebApi\THD.Core.Api\THD.Core.Api.Business\DocMenuCService.cs:line 47
   at THD.Core.Api.Private.Controllers.PrivateDocMenuCController.MenuC1InterfaceData(String RegisterId) in C:\Work Project\React Project\eFilling\EFilling.WebApi\THD.Core.Api\THD.Core.Api.Private\Controllers\PrivateDocMenuCController.cs:line 40
   at Microsoft.AspNetCore.Mvc.Internal.ActionMethodExecutor.TaskOfIActionResultExecutor.Execute(IActionResultTypeMapper mapper, ObjectMethodExecutor executor, Object controller, Object[] arguments)
   at System.Threading.Tasks.ValueTask`1.get_Result()
   at Microsoft.AspNetCore.Mvc.Internal.ControllerActionInvoker.InvokeActionMethodAsync()
   at Microsoft.AspNetCore.Mvc.Internal.ControllerActionInvoker.InvokeNextActionFilterAsync()
   at Microsoft.AspNetCore.Mvc.Internal.ControllerActionInvoker.Rethrow(ActionExecutedContext context)
   at Microsoft.AspNetCore.Mvc.Internal.ControllerActionInvoker.Next(State& next, Scope& scope, Object& state, Boolean& isCompleted)
   at Microsoft.AspNetCore.Mvc.Internal.ControllerActionInvoker.InvokeInnerFilterAsync()
   at Microsoft.AspNetCore.Mvc.Internal.ResourceInvoker.InvokeNextResourceFilter()
   at Microsoft.AspNetCore.Mvc.Internal.ResourceInvoker.Rethrow(ResourceExecutedContext context)
   at Microsoft.AspNetCore.Mvc.Internal.ResourceInvoker.Next(State& next, Scope& scope, Object& state, Boolean& isCompleted)
   at Microsoft.AspNetCore.Mvc.Internal.ResourceInvoker.InvokeFilterPipelineAsync()
   at Microsoft.AspNetCore.Mvc.Internal.ResourceInvoker.InvokeAsync()
   at Microsoft.AspNetCore.Routing.EndpointMiddleware.Invoke(HttpContext httpContext)
   at Microsoft.AspNetCore.Routing.EndpointRoutingMiddleware.Invoke(HttpContext httpContext)
   at THD.Core.Api.Private.ErrorHandlingMiddleware.Invoke(HttpContext context) in C:\Work Project\React Project\eFilling\EFilling.WebApi\THD.Core.Api\THD.Core.Api.Private\Core\ErrorHandlingMiddleware.cs:line 24
2020/01/19 21:29:53.190    36   System.InvalidCastException: Object cannot be cast from DBNull to other types.
   at System.DBNull.System.IConvertible.ToInt32(IFormatProvider provider)
   at THD.Core.Api.Repository.DataHandler.DocMeetingRoundRepository.GetMeetingRoundOfProjectAsync(Int32 year) in C:\Work Project\React Project\eFilling\EFilling.WebApi\THD.Core.Api\THD.Core.Api.Repository\DataHandler\DocMeetingRoundRepository.cs:line 50
   at THD.Core.Api.Repository.DataHandler.DocMenuC1Repository.MenuC1InterfaceDataAsync(String RegisterId) in C:\Work Project\React Project\eFilling\EFilling.WebApi\THD.Core.Api\THD.Core.Api.Repository\DataHandler\DocMenuC1Repository.cs:line 70
   at THD.Core.Api.Business.DocMenuCService.MenuC1InterfaceDataAsync(String RegisterId) in C:\Work Project\React Project\eFilling\EFilling.WebApi\THD.Core.Api\THD.Core.Api.Business\DocMenuCService.cs:line 47
   at THD.Core.Api.Private.Controllers.PrivateDocMenuCController.MenuC1InterfaceData(String RegisterId) in C:\Work Project\React Project\eFilling\EFilling.WebApi\THD.Core.Api\THD.Core.Api.Private\Controllers\PrivateDocMenuCController.cs:line 40
   at Microsoft.AspNetCore.Mvc.Internal.ActionMethodExecutor.TaskOfIActionResultExecutor.Execute(IActionResultTypeMapper mapper, ObjectMethodExecutor executor, Object controller, Object[] arguments)
   at System.Threading.Tasks.ValueTask`1.get_Result()
   at Microsoft.AspNetCore.Mvc.Internal.ControllerActionInvoker.InvokeActionMethodAsync()
   at Microsoft.AspNetCore.Mvc.Internal.ControllerActionInvoker.InvokeNextActionFilterAsync()
   at Microsoft.AspNetCore.Mvc.Internal.ControllerActionInvoker.Rethrow(ActionExecutedContext context)
   at Microsoft.AspNetCore.Mvc.Internal.ControllerActionInvoker.Next(State& next, Scope& scope, Object& state, Boolean& isCompleted)
   at Microsoft.AspNetCore.Mvc.Internal.ControllerActionInvoker.InvokeInnerFilterAsync()
   at Microsoft.AspNetCore.Mvc.Internal.ResourceInvoker.InvokeNextResourceFilter()
   at Microsoft.AspNetCore.Mvc.Internal.ResourceInvoker.Rethrow(ResourceExecutedContext context)
   at Microsoft.AspNetCore.Mvc.Internal.ResourceInvoker.Next(State& next, Scope& scope, Object& state, Boolean& isCompleted)
   at Microsoft.AspNetCore.Mvc.Internal.ResourceInvoker.InvokeFilterPipelineAsync()
   at Microsoft.AspNetCore.Mvc.Internal.ResourceInvoker.InvokeAsync()
   at Microsoft.AspNetCore.Routing.EndpointMiddleware.Invoke(HttpContext httpContext)
   at Microsoft.AspNetCore.Routing.EndpointRoutingMiddleware.Invoke(HttpContext httpContext)
   at THD.Core.Api.Private.ErrorHandlingMiddleware.Invoke(HttpContext context) in C:\Work Project\React Project\eFilling\EFilling.WebApi\THD.Core.Api\THD.Core.Api.Private\Core\ErrorHandlingMiddleware.cs:line 24
2020/01/19 21:30:20.897    34   System.InvalidCastException: Object cannot be cast from DBNull to other types.
   at System.DBNull.System.IConvertible.ToInt32(IFormatProvider provider)
   at THD.Core.Api.Repository.DataHandler.DocMeetingRoundRepository.GetMeetingRoundOfProjectAsync(Int32 year) in C:\Work Project\React Project\eFilling\EFilling.WebApi\THD.Core.Api\THD.Core.Api.Repository\DataHandler\DocMeetingRoundRepository.cs:line 50
   at THD.Core.Api.Repository.DataHandler.DocMenuC1Repository.MenuC1InterfaceDataAsync(String RegisterId) in C:\Work Project\React Project\eFilling\EFilling.WebApi\THD.Core.Api\THD.Core.Api.Repository\DataHandler\DocMenuC1Repository.cs:line 70
   at THD.Core.Api.Business.DocMenuCService.MenuC1InterfaceDataAsync(String RegisterId) in C:\Work Project\React Project\eFilling\EFilling.WebApi\THD.Core.Api\THD.Core.Api.Business\DocMenuCService.cs:line 47
   at THD.Core.Api.Private.Controllers.PrivateDocMenuCController.MenuC1InterfaceData(String RegisterId) in C:\Work Project\React Project\eFilling\EFilling.WebApi\THD.Core.Api\THD.Core.Api.Private\Controllers\PrivateDocMenuCController.cs:line 40
   at Microsoft.AspNetCore.Mvc.Internal.ActionMethodExecutor.TaskOfIActionResultExecutor.Execute(IActionResultTypeMapper mapper, ObjectMethodExecutor executor, Object controller, Object[] arguments)
   at System.Threading.Tasks.ValueTask`1.get_Result()
   at Microsoft.AspNetCore.Mvc.Internal.ControllerActionInvoker.InvokeActionMethodAsync()
   at Microsoft.AspNetCore.Mvc.Internal.ControllerActionInvoker.InvokeNextActionFilterAsync()
   at Microsoft.AspNetCore.Mvc.Internal.ControllerActionInvoker.Rethrow(ActionExecutedContext context)
   at Microsoft.AspNetCore.Mvc.Internal.ControllerActionInvoker.Next(State& next, Scope& scope, Object& state, Boolean& isCompleted)
   at Microsoft.AspNetCore.Mvc.Internal.ControllerActionInvoker.InvokeInnerFilterAsync()
   at Microsoft.AspNetCore.Mvc.Internal.ResourceInvoker.InvokeNextResourceFilter()
   at Microsoft.AspNetCore.Mvc.Internal.ResourceInvoker.Rethrow(ResourceExecutedContext context)
   at Microsoft.AspNetCore.Mvc.Internal.ResourceInvoker.Next(State& next, Scope& scope, Object& state, Boolean& isCompleted)
   at Microsoft.AspNetCore.Mvc.Internal.ResourceInvoker.InvokeFilterPipelineAsync()
   at Microsoft.AspNetCore.Mvc.Internal.ResourceInvoker.InvokeAsync()
   at Microsoft.AspNetCore.Routing.EndpointMiddleware.Invoke(HttpContext httpContext)
   at Microsoft.AspNetCore.Routing.EndpointRoutingMiddleware.Invoke(HttpContext httpContext)
   at THD.Core.Api.Private.ErrorHandlingMiddleware.Invoke(HttpContext context) in C:\Work Project\React Project\eFilling\EFilling.WebApi\THD.Core.Api\THD.Core.Api.Private\Core\ErrorHandlingMiddleware.cs:line 24
2020/01/19 21:31:19.597    6   System.InvalidCastException: Object cannot be cast from DBNull to other types.
   at System.DBNull.System.IConvertible.ToInt32(IFormatProvider provider)
   at THD.Core.Api.Repository.DataHandler.DocMeetingRoundRepository.GetMeetingRoundOfProjectAsync(Int32 year) in C:\Work Project\React Project\eFilling\EFilling.WebApi\THD.Core.Api\THD.Core.Api.Repository\DataHandler\DocMeetingRoundRepository.cs:line 50
   at THD.Core.Api.Repository.DataHandler.DocMenuC1Repository.MenuC1InterfaceDataAsync(String RegisterId) in C:\Work Project\React Project\eFilling\EFilling.WebApi\THD.Core.Api\THD.Core.Api.Repository\DataHandler\DocMenuC1Repository.cs:line 72
   at THD.Core.Api.Business.DocMenuCService.MenuC1InterfaceDataAsync(String RegisterId) in C:\Work Project\React Project\eFilling\EFilling.WebApi\THD.Core.Api\THD.Core.Api.Business\DocMenuCService.cs:line 47
   at THD.Core.Api.Private.Controllers.PrivateDocMenuCController.MenuC1InterfaceData(String RegisterId) in C:\Work Project\React Project\eFilling\EFilling.WebApi\THD.Core.Api\THD.Core.Api.Private\Controllers\PrivateDocMenuCController.cs:line 40
   at Microsoft.AspNetCore.Mvc.Internal.ActionMethodExecutor.TaskOfIActionResultExecutor.Execute(IActionResultTypeMapper mapper, ObjectMethodExecutor executor, Object controller, Object[] arguments)
   at System.Threading.Tasks.ValueTask`1.get_Result()
   at Microsoft.AspNetCore.Mvc.Internal.ControllerActionInvoker.InvokeActionMethodAsync()
   at Microsoft.AspNetCore.Mvc.Internal.ControllerActionInvoker.InvokeNextActionFilterAsync()
   at Microsoft.AspNetCore.Mvc.Internal.ControllerActionInvoker.Rethrow(ActionExecutedContext context)
   at Microsoft.AspNetCore.Mvc.Internal.ControllerActionInvoker.Next(State& next, Scope& scope, Object& state, Boolean& isCompleted)
   at Microsoft.AspNetCore.Mvc.Internal.ControllerActionInvoker.InvokeInnerFilterAsync()
   at Microsoft.AspNetCore.Mvc.Internal.ResourceInvoker.InvokeNextResourceFilter()
   at Microsoft.AspNetCore.Mvc.Internal.ResourceInvoker.Rethrow(ResourceExecutedContext context)
   at Microsoft.AspNetCore.Mvc.Internal.ResourceInvoker.Next(State& next, Scope& scope, Object& state, Boolean& isCompleted)
   at Microsoft.AspNetCore.Mvc.Internal.ResourceInvoker.InvokeFilterPipelineAsync()
   at Microsoft.AspNetCore.Mvc.Internal.ResourceInvoker.InvokeAsync()
   at Microsoft.AspNetCore.Routing.EndpointMiddleware.Invoke(HttpContext httpContext)
   at Microsoft.AspNetCore.Routing.EndpointRoutingMiddleware.Invoke(HttpContext httpContext)
   at THD.Core.Api.Private.ErrorHandlingMiddleware.Invoke(HttpContext context) in C:\Work Project\React Project\eFilling\EFilling.WebApi\THD.Core.Api\THD.Core.Api.Private\Core\ErrorHandlingMiddleware.cs:line 24
2020/01/19 21:31:46.909    10   System.InvalidCastException: Object cannot be cast from DBNull to other types.
   at System.DBNull.System.IConvertible.ToInt32(IFormatProvider provider)
   at THD.Core.Api.Repository.DataHandler.DocMeetingRoundRepository.GetMeetingRoundOfProjectAsync(Int32 year) in C:\Work Project\React Project\eFilling\EFilling.WebApi\THD.Core.Api\THD.Core.Api.Repository\DataHandler\DocMeetingRoundRepository.cs:line 50
   at THD.Core.Api.Repository.DataHandler.DocMenuC1Repository.MenuC1InterfaceDataAsync(String RegisterId) in C:\Work Project\React Project\eFilling\EFilling.WebApi\THD.Core.Api\THD.Core.Api.Repository\DataHandler\DocMenuC1Repository.cs:line 72
   at THD.Core.Api.Business.DocMenuCService.MenuC1InterfaceDataAsync(String RegisterId) in C:\Work Project\React Project\eFilling\EFilling.WebApi\THD.Core.Api\THD.Core.Api.Business\DocMenuCService.cs:line 47
   at THD.Core.Api.Private.Controllers.PrivateDocMenuCController.MenuC1InterfaceData(String RegisterId) in C:\Work Project\React Project\eFilling\EFilling.WebApi\THD.Core.Api\THD.Core.Api.Private\Controllers\PrivateDocMenuCController.cs:line 40
   at Microsoft.AspNetCore.Mvc.Internal.ActionMethodExecutor.TaskOfIActionResultExecutor.Execute(IActionResultTypeMapper mapper, ObjectMethodExecutor executor, Object controller, Object[] arguments)
   at System.Threading.Tasks.ValueTask`1.get_Result()
   at Microsoft.AspNetCore.Mvc.Internal.ControllerActionInvoker.InvokeActionMethodAsync()
   at Microsoft.AspNetCore.Mvc.Internal.ControllerActionInvoker.InvokeNextActionFilterAsync()
   at Microsoft.AspNetCore.Mvc.Internal.ControllerActionInvoker.Rethrow(ActionExecutedContext context)
   at Microsoft.AspNetCore.Mvc.Internal.ControllerActionInvoker.Next(State& next, Scope& scope, Object& state, Boolean& isCompleted)
   at Microsoft.AspNetCore.Mvc.Internal.ControllerActionInvoker.InvokeInnerFilterAsync()
   at Microsoft.AspNetCore.Mvc.Internal.ResourceInvoker.InvokeNextResourceFilter()
   at Microsoft.AspNetCore.Mvc.Internal.ResourceInvoker.Rethrow(ResourceExecutedContext context)
   at Microsoft.AspNetCore.Mvc.Internal.ResourceInvoker.Next(State& next, Scope& scope, Object& state, Boolean& isCompleted)
   at Microsoft.AspNetCore.Mvc.Internal.ResourceInvoker.InvokeFilterPipelineAsync()
   at Microsoft.AspNetCore.Mvc.Internal.ResourceInvoker.InvokeAsync()
   at Microsoft.AspNetCore.Routing.EndpointMiddleware.Invoke(HttpContext httpContext)
   at Microsoft.AspNetCore.Routing.EndpointRoutingMiddleware.Invoke(HttpContext httpContext)
   at THD.Core.Api.Private.ErrorHandlingMiddleware.Invoke(HttpContext context) in C:\Work Project\React Project\eFilling\EFilling.WebApi\THD.Core.Api\THD.Core.Api.Private\Core\ErrorHandlingMiddleware.cs:line 24
2020/01/19 22:27:18.990    45   System.NullReferenceException: Object reference not set to an instance of an object.
   at THD.Core.Api.Repository.DataHandler.DocMenuC3Repository.MenuC3InterfaceDataAsync(String RegisterId) in C:\Work Project\React Project\eFilling\EFilling.WebApi\THD.Core.Api\THD.Core.Api.Repository\DataHandler\DocMenuC3Repository.cs:line 73
   at THD.Core.Api.Business.DocMenuCService.MenuC3InterfaceDataAsync(String RegisterId) in C:\Work Project\React Project\eFilling\EFilling.WebApi\THD.Core.Api\THD.Core.Api.Business\DocMenuCService.cs:line 216
   at THD.Core.Api.Private.Controllers.PrivateDocMenuCController.MenuC3InterfaceData(String RegisterId) in C:\Work Project\React Project\eFilling\EFilling.WebApi\THD.Core.Api\THD.Core.Api.Private\Controllers\PrivateDocMenuCController.cs:line 358
   at Microsoft.AspNetCore.Mvc.Internal.ActionMethodExecutor.TaskOfIActionResultExecutor.Execute(IActionResultTypeMapper mapper, ObjectMethodExecutor executor, Object controller, Object[] arguments)
   at System.Threading.Tasks.ValueTask`1.get_Result()
   at Microsoft.AspNetCore.Mvc.Internal.ControllerActionInvoker.InvokeActionMethodAsync()
   at Microsoft.AspNetCore.Mvc.Internal.ControllerActionInvoker.InvokeNextActionFilterAsync()
   at Microsoft.AspNetCore.Mvc.Internal.ControllerActionInvoker.Rethrow(ActionExecutedContext context)
   at Microsoft.AspNetCore.Mvc.Internal.ControllerActionInvoker.Next(State& next, Scope& scope, Object& state, Boolean& isCompleted)
   at Microsoft.AspNetCore.Mvc.Internal.ControllerActionInvoker.InvokeInnerFilterAsync()
   at Microsoft.AspNetCore.Mvc.Internal.ResourceInvoker.InvokeNextResourceFilter()
   at Microsoft.AspNetCore.Mvc.Internal.ResourceInvoker.Rethrow(ResourceExecutedContext context)
   at Microsoft.AspNetCore.Mvc.Internal.ResourceInvoker.Next(State& next, Scope& scope, Object& state, Boolean& isCompleted)
   at Microsoft.AspNetCore.Mvc.Internal.ResourceInvoker.InvokeFilterPipelineAsync()
   at Microsoft.AspNetCore.Mvc.Internal.ResourceInvoker.InvokeAsync()
   at Microsoft.AspNetCore.Routing.EndpointMiddleware.Invoke(HttpContext httpContext)
   at Microsoft.AspNetCore.Routing.EndpointRoutingMiddleware.Invoke(HttpContext httpContext)
   at THD.Core.Api.Private.ErrorHandlingMiddleware.Invoke(HttpContext context) in C:\Work Project\React Project\eFilling\EFilling.WebApi\THD.Core.Api\THD.Core.Api.Private\Core\ErrorHandlingMiddleware.cs:line 24
2020/01/19 22:29:55.380    48   System.NullReferenceException: Object reference not set to an instance of an object.
   at THD.Core.Api.Repository.DataHandler.DocMenuC3Repository.MenuC3InterfaceDataAsync(String RegisterId) in C:\Work Project\React Project\eFilling\EFilling.WebApi\THD.Core.Api\THD.Core.Api.Repository\DataHandler\DocMenuC3Repository.cs:line 73
   at THD.Core.Api.Business.DocMenuCService.MenuC3InterfaceDataAsync(String RegisterId) in C:\Work Project\React Project\eFilling\EFilling.WebApi\THD.Core.Api\THD.Core.Api.Business\DocMenuCService.cs:line 216
   at THD.Core.Api.Private.Controllers.PrivateDocMenuCController.MenuC3InterfaceData(String RegisterId) in C:\Work Project\React Project\eFilling\EFilling.WebApi\THD.Core.Api\THD.Core.Api.Private\Controllers\PrivateDocMenuCController.cs:line 358
   at Microsoft.AspNetCore.Mvc.Internal.ActionMethodExecutor.TaskOfIActionResultExecutor.Execute(IActionResultTypeMapper mapper, ObjectMethodExecutor executor, Object controller, Object[] arguments)
   at System.Threading.Tasks.ValueTask`1.get_Result()
   at Microsoft.AspNetCore.Mvc.Internal.ControllerActionInvoker.InvokeActionMethodAsync()
   at Microsoft.AspNetCore.Mvc.Internal.ControllerActionInvoker.InvokeNextActionFilterAsync()
   at Microsoft.AspNetCore.Mvc.Internal.ControllerActionInvoker.Rethrow(ActionExecutedContext context)
   at Microsoft.AspNetCore.Mvc.Internal.ControllerActionInvoker.Next(State& next, Scope& scope, Object& state, Boolean& isCompleted)
   at Microsoft.AspNetCore.Mvc.Internal.ControllerActionInvoker.InvokeInnerFilterAsync()
   at Microsoft.AspNetCore.Mvc.Internal.ResourceInvoker.InvokeNextResourceFilter()
   at Microsoft.AspNetCore.Mvc.Internal.ResourceInvoker.Rethrow(ResourceExecutedContext context)
   at Microsoft.AspNetCore.Mvc.Internal.ResourceInvoker.Next(State& next, Scope& scope, Object& state, Boolean& isCompleted)
   at Microsoft.AspNetCore.Mvc.Internal.ResourceInvoker.InvokeFilterPipelineAsync()
   at Microsoft.AspNetCore.Mvc.Internal.ResourceInvoker.InvokeAsync()
   at Microsoft.AspNetCore.Routing.EndpointMiddleware.Invoke(HttpContext httpContext)
   at Microsoft.AspNetCore.Routing.EndpointRoutingMiddleware.Invoke(HttpContext httpContext)
   at THD.Core.Api.Private.ErrorHandlingMiddleware.Invoke(HttpContext context) in C:\Work Project\React Project\eFilling\EFilling.WebApi\THD.Core.Api\THD.Core.Api.Private\Core\ErrorHandlingMiddleware.cs:line 24
2020/01/19 22:36:02.641    72   System.NullReferenceException: Object reference not set to an instance of an object.
   at THD.Core.Api.Repository.DataHandler.DocMenuC3Repository.MenuC3InterfaceDataAsync(String RegisterId) in C:\Work Project\React Project\eFilling\EFilling.WebApi\THD.Core.Api\THD.Core.Api.Repository\DataHandler\DocMenuC3Repository.cs:line 73
   at THD.Core.Api.Business.DocMenuCService.MenuC3InterfaceDataAsync(String RegisterId) in C:\Work Project\React Project\eFilling\EFilling.WebApi\THD.Core.Api\THD.Core.Api.Business\DocMenuCService.cs:line 216
   at THD.Core.Api.Private.Controllers.PrivateDocMenuCController.MenuC3InterfaceData(String RegisterId) in C:\Work Project\React Project\eFilling\EFilling.WebApi\THD.Core.Api\THD.Core.Api.Private\Controllers\PrivateDocMenuCController.cs:line 358
   at Microsoft.AspNetCore.Mvc.Internal.ActionMethodExecutor.TaskOfIActionResultExecutor.Execute(IActionResultTypeMapper mapper, ObjectMethodExecutor executor, Object controller, Object[] arguments)
   at System.Threading.Tasks.ValueTask`1.get_Result()
   at Microsoft.AspNetCore.Mvc.Internal.ControllerActionInvoker.InvokeActionMethodAsync()
   at Microsoft.AspNetCore.Mvc.Internal.ControllerActionInvoker.InvokeNextActionFilterAsync()
   at Microsoft.AspNetCore.Mvc.Internal.ControllerActionInvoker.Rethrow(ActionExecutedContext context)
   at Microsoft.AspNetCore.Mvc.Internal.ControllerActionInvoker.Next(State& next, Scope& scope, Object& state, Boolean& isCompleted)
   at Microsoft.AspNetCore.Mvc.Internal.ControllerActionInvoker.InvokeInnerFilterAsync()
   at Microsoft.AspNetCore.Mvc.Internal.ResourceInvoker.InvokeNextResourceFilter()
   at Microsoft.AspNetCore.Mvc.Internal.ResourceInvoker.Rethrow(ResourceExecutedContext context)
   at Microsoft.AspNetCore.Mvc.Internal.ResourceInvoker.Next(State& next, Scope& scope, Object& state, Boolean& isCompleted)
   at Microsoft.AspNetCore.Mvc.Internal.ResourceInvoker.InvokeFilterPipelineAsync()
   at Microsoft.AspNetCore.Mvc.Internal.ResourceInvoker.InvokeAsync()
   at Microsoft.AspNetCore.Routing.EndpointMiddleware.Invoke(HttpContext httpContext)
   at Microsoft.AspNetCore.Routing.EndpointRoutingMiddleware.Invoke(HttpContext httpContext)
   at THD.Core.Api.Private.ErrorHandlingMiddleware.Invoke(HttpContext context) in C:\Work Project\React Project\eFilling\EFilling.WebApi\THD.Core.Api\THD.Core.Api.Private\Core\ErrorHandlingMiddleware.cs:line 24
2020/01/19 22:36:40.775    80   System.NullReferenceException: Object reference not set to an instance of an object.
   at THD.Core.Api.Repository.DataHandler.DocMenuC3Repository.MenuC3InterfaceDataAsync(String RegisterId) in C:\Work Project\React Project\eFilling\EFilling.WebApi\THD.Core.Api\THD.Core.Api.Repository\DataHandler\DocMenuC3Repository.cs:line 73
   at THD.Core.Api.Business.DocMenuCService.MenuC3InterfaceDataAsync(String RegisterId) in C:\Work Project\React Project\eFilling\EFilling.WebApi\THD.Core.Api\THD.Core.Api.Business\DocMenuCService.cs:line 216
   at THD.Core.Api.Private.Controllers.PrivateDocMenuCController.MenuC3InterfaceData(String RegisterId) in C:\Work Project\React Project\eFilling\EFilling.WebApi\THD.Core.Api\THD.Core.Api.Private\Controllers\PrivateDocMenuCController.cs:line 358
   at Microsoft.AspNetCore.Mvc.Internal.ActionMethodExecutor.TaskOfIActionResultExecutor.Execute(IActionResultTypeMapper mapper, ObjectMethodExecutor executor, Object controller, Object[] arguments)
   at System.Threading.Tasks.ValueTask`1.get_Result()
   at Microsoft.AspNetCore.Mvc.Internal.ControllerActionInvoker.InvokeActionMethodAsync()
   at Microsoft.AspNetCore.Mvc.Internal.ControllerActionInvoker.InvokeNextActionFilterAsync()
   at Microsoft.AspNetCore.Mvc.Internal.ControllerActionInvoker.Rethrow(ActionExecutedContext context)
   at Microsoft.AspNetCore.Mvc.Internal.ControllerActionInvoker.Next(State& next, Scope& scope, Object& state, Boolean& isCompleted)
   at Microsoft.AspNetCore.Mvc.Internal.ControllerActionInvoker.InvokeInnerFilterAsync()
   at Microsoft.AspNetCore.Mvc.Internal.ResourceInvoker.InvokeNextResourceFilter()
   at Microsoft.AspNetCore.Mvc.Internal.ResourceInvoker.Rethrow(ResourceExecutedContext context)
   at Microsoft.AspNetCore.Mvc.Internal.ResourceInvoker.Next(State& next, Scope& scope, Object& state, Boolean& isCompleted)
   at Microsoft.AspNetCore.Mvc.Internal.ResourceInvoker.InvokeFilterPipelineAsync()
   at Microsoft.AspNetCore.Mvc.Internal.ResourceInvoker.InvokeAsync()
   at Microsoft.AspNetCore.Routing.EndpointMiddleware.Invoke(HttpContext httpContext)
   at Microsoft.AspNetCore.Routing.EndpointRoutingMiddleware.Invoke(HttpContext httpContext)
   at THD.Core.Api.Private.ErrorHandlingMiddleware.Invoke(HttpContext context) in C:\Work Project\React Project\eFilling\EFilling.WebApi\THD.Core.Api\THD.Core.Api.Private\Core\ErrorHandlingMiddleware.cs:line 24
2020/01/19 22:36:49.093    72   System.NullReferenceException: Object reference not set to an instance of an object.
   at THD.Core.Api.Repository.DataHandler.DocMenuC3Repository.MenuC3InterfaceDataAsync(String RegisterId) in C:\Work Project\React Project\eFilling\EFilling.WebApi\THD.Core.Api\THD.Core.Api.Repository\DataHandler\DocMenuC3Repository.cs:line 73
   at THD.Core.Api.Business.DocMenuCService.MenuC3InterfaceDataAsync(String RegisterId) in C:\Work Project\React Project\eFilling\EFilling.WebApi\THD.Core.Api\THD.Core.Api.Business\DocMenuCService.cs:line 216
   at THD.Core.Api.Private.Controllers.PrivateDocMenuCController.MenuC3InterfaceData(String RegisterId) in C:\Work Project\React Project\eFilling\EFilling.WebApi\THD.Core.Api\THD.Core.Api.Private\Controllers\PrivateDocMenuCController.cs:line 358
   at Microsoft.AspNetCore.Mvc.Internal.ActionMethodExecutor.TaskOfIActionResultExecutor.Execute(IActionResultTypeMapper mapper, ObjectMethodExecutor executor, Object controller, Object[] arguments)
   at System.Threading.Tasks.ValueTask`1.get_Result()
   at Microsoft.AspNetCore.Mvc.Internal.ControllerActionInvoker.InvokeActionMethodAsync()
   at Microsoft.AspNetCore.Mvc.Internal.ControllerActionInvoker.InvokeNextActionFilterAsync()
   at Microsoft.AspNetCore.Mvc.Internal.ControllerActionInvoker.Rethrow(ActionExecutedContext context)
   at Microsoft.AspNetCore.Mvc.Internal.ControllerActionInvoker.Next(State& next, Scope& scope, Object& state, Boolean& isCompleted)
   at Microsoft.AspNetCore.Mvc.Internal.ControllerActionInvoker.InvokeInnerFilterAsync()
   at Microsoft.AspNetCore.Mvc.Internal.ResourceInvoker.InvokeNextResourceFilter()
   at Microsoft.AspNetCore.Mvc.Internal.ResourceInvoker.Rethrow(ResourceExecutedContext context)
   at Microsoft.AspNetCore.Mvc.Internal.ResourceInvoker.Next(State& next, Scope& scope, Object& state, Boolean& isCompleted)
   at Microsoft.AspNetCore.Mvc.Internal.ResourceInvoker.InvokeFilterPipelineAsync()
   at Microsoft.AspNetCore.Mvc.Internal.ResourceInvoker.InvokeAsync()
   at Microsoft.AspNetCore.Routing.EndpointMiddleware.Invoke(HttpContext httpContext)
   at Microsoft.AspNetCore.Routing.EndpointRoutingMiddleware.Invoke(HttpContext httpContext)
   at THD.Core.Api.Private.ErrorHandlingMiddleware.Invoke(HttpContext context) in C:\Work Project\React Project\eFilling\EFilling.WebApi\THD.Core.Api\THD.Core.Api.Private\Core\ErrorHandlingMiddleware.cs:line 24
2020/01/19 22:37:47.167    86   System.NullReferenceException: Object reference not set to an instance of an object.
   at THD.Core.Api.Repository.DataHandler.DocMenuC3Repository.MenuC3InterfaceDataAsync(String RegisterId) in C:\Work Project\React Project\eFilling\EFilling.WebApi\THD.Core.Api\THD.Core.Api.Repository\DataHandler\DocMenuC3Repository.cs:line 73
   at THD.Core.Api.Business.DocMenuCService.MenuC3InterfaceDataAsync(String RegisterId) in C:\Work Project\React Project\eFilling\EFilling.WebApi\THD.Core.Api\THD.Core.Api.Business\DocMenuCService.cs:line 216
   at THD.Core.Api.Private.Controllers.PrivateDocMenuCController.MenuC3InterfaceData(String RegisterId) in C:\Work Project\React Project\eFilling\EFilling.WebApi\THD.Core.Api\THD.Core.Api.Private\Controllers\PrivateDocMenuCController.cs:line 358
   at Microsoft.AspNetCore.Mvc.Internal.ActionMethodExecutor.TaskOfIActionResultExecutor.Execute(IActionResultTypeMapper mapper, ObjectMethodExecutor executor, Object controller, Object[] arguments)
   at System.Threading.Tasks.ValueTask`1.get_Result()
   at Microsoft.AspNetCore.Mvc.Internal.ControllerActionInvoker.InvokeActionMethodAsync()
   at Microsoft.AspNetCore.Mvc.Internal.ControllerActionInvoker.InvokeNextActionFilterAsync()
   at Microsoft.AspNetCore.Mvc.Internal.ControllerActionInvoker.Rethrow(ActionExecutedContext context)
   at Microsoft.AspNetCore.Mvc.Internal.ControllerActionInvoker.Next(State& next, Scope& scope, Object& state, Boolean& isCompleted)
   at Microsoft.AspNetCore.Mvc.Internal.ControllerActionInvoker.InvokeInnerFilterAsync()
   at Microsoft.AspNetCore.Mvc.Internal.ResourceInvoker.InvokeNextResourceFilter()
   at Microsoft.AspNetCore.Mvc.Internal.ResourceInvoker.Rethrow(ResourceExecutedContext context)
   at Microsoft.AspNetCore.Mvc.Internal.ResourceInvoker.Next(State& next, Scope& scope, Object& state, Boolean& isCompleted)
   at Microsoft.AspNetCore.Mvc.Internal.ResourceInvoker.InvokeFilterPipelineAsync()
   at Microsoft.AspNetCore.Mvc.Internal.ResourceInvoker.InvokeAsync()
   at Microsoft.AspNetCore.Routing.EndpointMiddleware.Invoke(HttpContext httpContext)
   at Microsoft.AspNetCore.Routing.EndpointRoutingMiddleware.Invoke(HttpContext httpContext)
   at THD.Core.Api.Private.ErrorHandlingMiddleware.Invoke(HttpContext context) in C:\Work Project\React Project\eFilling\EFilling.WebApi\THD.Core.Api\THD.Core.Api.Private\Core\ErrorHandlingMiddleware.cs:line 24
2020/01/19 22:38:07.427    78   System.NullReferenceException: Object reference not set to an instance of an object.
   at THD.Core.Api.Repository.DataHandler.DocMenuC3Repository.MenuC3InterfaceDataAsync(String RegisterId) in C:\Work Project\React Project\eFilling\EFilling.WebApi\THD.Core.Api\THD.Core.Api.Repository\DataHandler\DocMenuC3Repository.cs:line 73
   at THD.Core.Api.Business.DocMenuCService.MenuC3InterfaceDataAsync(String RegisterId) in C:\Work Project\React Project\eFilling\EFilling.WebApi\THD.Core.Api\THD.Core.Api.Business\DocMenuCService.cs:line 216
   at THD.Core.Api.Private.Controllers.PrivateDocMenuCController.MenuC3InterfaceData(String RegisterId) in C:\Work Project\React Project\eFilling\EFilling.WebApi\THD.Core.Api\THD.Core.Api.Private\Controllers\PrivateDocMenuCController.cs:line 358
   at Microsoft.AspNetCore.Mvc.Internal.ActionMethodExecutor.TaskOfIActionResultExecutor.Execute(IActionResultTypeMapper mapper, ObjectMethodExecutor executor, Object controller, Object[] arguments)
   at System.Threading.Tasks.ValueTask`1.get_Result()
   at Microsoft.AspNetCore.Mvc.Internal.ControllerActionInvoker.InvokeActionMethodAsync()
   at Microsoft.AspNetCore.Mvc.Internal.ControllerActionInvoker.InvokeNextActionFilterAsync()
   at Microsoft.AspNetCore.Mvc.Internal.ControllerActionInvoker.Rethrow(ActionExecutedContext context)
   at Microsoft.AspNetCore.Mvc.Internal.ControllerActionInvoker.Next(State& next, Scope& scope, Object& state, Boolean& isCompleted)
   at Microsoft.AspNetCore.Mvc.Internal.ControllerActionInvoker.InvokeInnerFilterAsync()
   at Microsoft.AspNetCore.Mvc.Internal.ResourceInvoker.InvokeNextResourceFilter()
   at Microsoft.AspNetCore.Mvc.Internal.ResourceInvoker.Rethrow(ResourceExecutedContext context)
   at Microsoft.AspNetCore.Mvc.Internal.ResourceInvoker.Next(State& next, Scope& scope, Object& state, Boolean& isCompleted)
   at Microsoft.AspNetCore.Mvc.Internal.ResourceInvoker.InvokeFilterPipelineAsync()
   at Microsoft.AspNetCore.Mvc.Internal.ResourceInvoker.InvokeAsync()
   at Microsoft.AspNetCore.Routing.EndpointMiddleware.Invoke(HttpContext httpContext)
   at Microsoft.AspNetCore.Routing.EndpointRoutingMiddleware.Invoke(HttpContext httpContext)
   at THD.Core.Api.Private.ErrorHandlingMiddleware.Invoke(HttpContext context) in C:\Work Project\React Project\eFilling\EFilling.WebApi\THD.Core.Api\THD.Core.Api.Private\Core\ErrorHandlingMiddleware.cs:line 24
