2020/02/06 16:03:12.929    11   System.NullReferenceException: Object reference not set to an instance of an object.
   at THD.Core.Api.Repository.DataHandler.DocMenuC2Repository.MenuC2InterfaceDataEditAsync(String project_number, String userid, String username) in C:\Work Project\GitHub\Efilling\efilling_api\THD.Core.Api\THD.Core.Api.Repository\DataHandler\DocMenuC2Repository.cs:line 328
   at THD.Core.Api.Business.DocMenuCService.MenuC2InterfaceDataEditAsync(String project_number, String userid, String username) in C:\Work Project\GitHub\Efilling\efilling_api\THD.Core.Api\THD.Core.Api.Business\DocMenuCService.cs:line 165
   at THD.Core.Api.Private.Controllers.PrivateDocMenuCController.MenuC2InterfaceDataEdit(String ProjectNumber, String userid, String username) in C:\Work Project\GitHub\Efilling\efilling_api\THD.Core.Api\THD.Core.Api.Private\Controllers\PrivateDocMenuCController.cs:line 272
   at Microsoft.AspNetCore.Mvc.Internal.ActionMethodExecutor.TaskOfIActionResultExecutor.Execute(IActionResultTypeMapper mapper, ObjectMethodExecutor executor, Object controller, Object[] arguments)
   at System.Threading.Tasks.ValueTask`1.get_Result()
   at Microsoft.AspNetCore.Mvc.Internal.ControllerActionInvoker.InvokeActionMethodAsync()
   at Microsoft.AspNetCore.Mvc.Internal.ControllerActionInvoker.InvokeNextActionFilterAsync()
   at Microsoft.AspNetCore.Mvc.Internal.ControllerActionInvoker.Rethrow(ActionExecutedContext context)
   at Microsoft.AspNetCore.Mvc.Internal.ControllerActionInvoker.Next(State& next, Scope& scope, Object& state, Boolean& isCompleted)
   at Microsoft.AspNetCore.Mvc.Internal.ControllerActionInvoker.InvokeInnerFilterAsync()
   at Microsoft.AspNetCore.Mvc.Internal.ResourceInvoker.InvokeNextResourceFilter()
   at Microsoft.AspNetCore.Mvc.Internal.ResourceInvoker.Rethrow(ResourceExecutedContext context)
   at Microsoft.AspNetCore.Mvc.Internal.ResourceInvoker.Next(State& next, Scope& scope, Object& state, Boolean& isCompleted)
   at Microsoft.AspNetCore.Mvc.Internal.ResourceInvoker.InvokeFilterPipelineAsync()
   at Microsoft.AspNetCore.Mvc.Internal.ResourceInvoker.InvokeAsync()
   at Microsoft.AspNetCore.Routing.EndpointMiddleware.Invoke(HttpContext httpContext)
   at Microsoft.AspNetCore.Routing.EndpointRoutingMiddleware.Invoke(HttpContext httpContext)
   at THD.Core.Api.Private.ErrorHandlingMiddleware.Invoke(HttpContext context) in C:\Work Project\GitHub\Efilling\efilling_api\THD.Core.Api\THD.Core.Api.Private\Core\ErrorHandlingMiddleware.cs:line 24
2020/02/06 17:27:45.808    12   System.NullReferenceException: Object reference not set to an instance of an object.
   at THD.Core.Api.Repository.DataHandler.DocMenuC2Repository.MenuC2InterfaceDataEditAsync(String project_number, String userid, String username) in C:\Work Project\GitHub\Efilling\efilling_api\THD.Core.Api\THD.Core.Api.Repository\DataHandler\DocMenuC2Repository.cs:line 328
   at THD.Core.Api.Business.DocMenuCService.MenuC2InterfaceDataEditAsync(String project_number, String userid, String username) in C:\Work Project\GitHub\Efilling\efilling_api\THD.Core.Api\THD.Core.Api.Business\DocMenuCService.cs:line 165
   at THD.Core.Api.Private.Controllers.PrivateDocMenuCController.MenuC2InterfaceDataEdit(String ProjectNumber, String userid, String username) in C:\Work Project\GitHub\Efilling\efilling_api\THD.Core.Api\THD.Core.Api.Private\Controllers\PrivateDocMenuCController.cs:line 272
   at Microsoft.AspNetCore.Mvc.Internal.ActionMethodExecutor.TaskOfIActionResultExecutor.Execute(IActionResultTypeMapper mapper, ObjectMethodExecutor executor, Object controller, Object[] arguments)
   at System.Threading.Tasks.ValueTask`1.get_Result()
   at Microsoft.AspNetCore.Mvc.Internal.ControllerActionInvoker.InvokeActionMethodAsync()
   at Microsoft.AspNetCore.Mvc.Internal.ControllerActionInvoker.InvokeNextActionFilterAsync()
   at Microsoft.AspNetCore.Mvc.Internal.ControllerActionInvoker.Rethrow(ActionExecutedContext context)
   at Microsoft.AspNetCore.Mvc.Internal.ControllerActionInvoker.Next(State& next, Scope& scope, Object& state, Boolean& isCompleted)
   at Microsoft.AspNetCore.Mvc.Internal.ControllerActionInvoker.InvokeInnerFilterAsync()
   at Microsoft.AspNetCore.Mvc.Internal.ResourceInvoker.InvokeNextResourceFilter()
   at Microsoft.AspNetCore.Mvc.Internal.ResourceInvoker.Rethrow(ResourceExecutedContext context)
   at Microsoft.AspNetCore.Mvc.Internal.ResourceInvoker.Next(State& next, Scope& scope, Object& state, Boolean& isCompleted)
   at Microsoft.AspNetCore.Mvc.Internal.ResourceInvoker.InvokeFilterPipelineAsync()
   at Microsoft.AspNetCore.Mvc.Internal.ResourceInvoker.InvokeAsync()
   at Microsoft.AspNetCore.Routing.EndpointMiddleware.Invoke(HttpContext httpContext)
   at Microsoft.AspNetCore.Routing.EndpointRoutingMiddleware.Invoke(HttpContext httpContext)
   at THD.Core.Api.Private.ErrorHandlingMiddleware.Invoke(HttpContext context) in C:\Work Project\GitHub\Efilling\efilling_api\THD.Core.Api\THD.Core.Api.Private\Core\ErrorHandlingMiddleware.cs:line 24
2020/02/06 17:29:59.638    7   System.Data.SqlClient.SqlException (0x80131904): Procedure or function sp_doc_menu_a3_edit has too many arguments specified.
   at System.Data.SqlClient.SqlConnection.OnError(SqlException exception, Boolean breakConnection, Action`1 wrapCloseInAction)
   at System.Data.SqlClient.TdsParser.ThrowExceptionAndWarning(TdsParserStateObject stateObj, Boolean callerHasConnectionLock, Boolean asyncClose)
   at System.Data.SqlClient.TdsParser.TryRun(RunBehavior runBehavior, SqlCommand cmdHandler, SqlDataReader dataStream, BulkCopySimpleResultSet bulkCopyHandler, TdsParserStateObject stateObj, Boolean& dataReady)
   at System.Data.SqlClient.SqlCommand.FinishExecuteReader(SqlDataReader ds, RunBehavior runBehavior, String resetOptionsString)
   at System.Data.SqlClient.SqlCommand.CompleteAsyncExecuteReader()
   at System.Data.SqlClient.SqlCommand.EndExecuteNonQueryInternal(IAsyncResult asyncResult)
   at System.Data.SqlClient.SqlCommand.EndExecuteNonQuery(IAsyncResult asyncResult)
   at System.Threading.Tasks.TaskFactory`1.FromAsyncCoreLogic(IAsyncResult iar, Func`2 endFunction, Action`1 endAction, Task`1 promise, Boolean requiresSynchronization)
--- End of stack trace from previous location where exception was thrown ---
   at THD.Core.Api.Repository.DataHandler.DocMenuA3Repository.UpdateDocMenuA3EditAsync(ModelMenuA3 model) in C:\Work Project\GitHub\Efilling\efilling_api\THD.Core.Api\THD.Core.Api.Repository\DataHandler\DocMenuA3Repository.cs:line 336
   at THD.Core.Api.Business.DocMenuAService.UpdateDocMenuA3EditAsync(ModelMenuA3 model) in C:\Work Project\GitHub\Efilling\efilling_api\THD.Core.Api\THD.Core.Api.Business\DocMenuAService.cs:line 358
   at THD.Core.Api.Private.Controllers.PrivateDocMenuAController.UpdateDocMenuA3Edit(ModelMenuA3 model) in C:\Work Project\GitHub\Efilling\efilling_api\THD.Core.Api\THD.Core.Api.Private\Controllers\PrivateDocMenuAController.cs:line 172
   at Microsoft.AspNetCore.Mvc.Internal.ActionMethodExecutor.TaskOfIActionResultExecutor.Execute(IActionResultTypeMapper mapper, ObjectMethodExecutor executor, Object controller, Object[] arguments)
   at System.Threading.Tasks.ValueTask`1.get_Result()
   at Microsoft.AspNetCore.Mvc.Internal.ControllerActionInvoker.InvokeActionMethodAsync()
   at Microsoft.AspNetCore.Mvc.Internal.ControllerActionInvoker.InvokeNextActionFilterAsync()
   at Microsoft.AspNetCore.Mvc.Internal.ControllerActionInvoker.Rethrow(ActionExecutedContext context)
   at Microsoft.AspNetCore.Mvc.Internal.ControllerActionInvoker.Next(State& next, Scope& scope, Object& state, Boolean& isCompleted)
   at Microsoft.AspNetCore.Mvc.Internal.ControllerActionInvoker.InvokeInnerFilterAsync()
   at Microsoft.AspNetCore.Mvc.Internal.ResourceInvoker.InvokeNextResourceFilter()
   at Microsoft.AspNetCore.Mvc.Internal.ResourceInvoker.Rethrow(ResourceExecutedContext context)
   at Microsoft.AspNetCore.Mvc.Internal.ResourceInvoker.Next(State& next, Scope& scope, Object& state, Boolean& isCompleted)
   at Microsoft.AspNetCore.Mvc.Internal.ResourceInvoker.InvokeFilterPipelineAsync()
   at Microsoft.AspNetCore.Mvc.Internal.ResourceInvoker.InvokeAsync()
   at Microsoft.AspNetCore.Routing.EndpointMiddleware.Invoke(HttpContext httpContext)
   at Microsoft.AspNetCore.Routing.EndpointRoutingMiddleware.Invoke(HttpContext httpContext)
   at THD.Core.Api.Private.ErrorHandlingMiddleware.Invoke(HttpContext context) in C:\Work Project\GitHub\Efilling\efilling_api\THD.Core.Api\THD.Core.Api.Private\Core\ErrorHandlingMiddleware.cs:line 24
ClientConnectionId:e671b551-5647-477f-99cd-596133c076c2
Error Number:8144,State:2,Class:16
2020/02/06 17:34:12.214    18   System.Data.SqlClient.SqlException (0x80131904): Procedure or function sp_doc_menu_a3_edit has too many arguments specified.
   at System.Data.SqlClient.SqlConnection.OnError(SqlException exception, Boolean breakConnection, Action`1 wrapCloseInAction)
   at System.Data.SqlClient.TdsParser.ThrowExceptionAndWarning(TdsParserStateObject stateObj, Boolean callerHasConnectionLock, Boolean asyncClose)
   at System.Data.SqlClient.TdsParser.TryRun(RunBehavior runBehavior, SqlCommand cmdHandler, SqlDataReader dataStream, BulkCopySimpleResultSet bulkCopyHandler, TdsParserStateObject stateObj, Boolean& dataReady)
   at System.Data.SqlClient.SqlCommand.FinishExecuteReader(SqlDataReader ds, RunBehavior runBehavior, String resetOptionsString)
   at System.Data.SqlClient.SqlCommand.CompleteAsyncExecuteReader()
   at System.Data.SqlClient.SqlCommand.EndExecuteNonQueryInternal(IAsyncResult asyncResult)
   at System.Data.SqlClient.SqlCommand.EndExecuteNonQuery(IAsyncResult asyncResult)
   at System.Threading.Tasks.TaskFactory`1.FromAsyncCoreLogic(IAsyncResult iar, Func`2 endFunction, Action`1 endAction, Task`1 promise, Boolean requiresSynchronization)
--- End of stack trace from previous location where exception was thrown ---
   at THD.Core.Api.Repository.DataHandler.DocMenuA3Repository.UpdateDocMenuA3EditAsync(ModelMenuA3 model) in C:\Work Project\GitHub\Efilling\efilling_api\THD.Core.Api\THD.Core.Api.Repository\DataHandler\DocMenuA3Repository.cs:line 334
   at THD.Core.Api.Business.DocMenuAService.UpdateDocMenuA3EditAsync(ModelMenuA3 model) in C:\Work Project\GitHub\Efilling\efilling_api\THD.Core.Api\THD.Core.Api.Business\DocMenuAService.cs:line 358
   at THD.Core.Api.Private.Controllers.PrivateDocMenuAController.UpdateDocMenuA3Edit(ModelMenuA3 model) in C:\Work Project\GitHub\Efilling\efilling_api\THD.Core.Api\THD.Core.Api.Private\Controllers\PrivateDocMenuAController.cs:line 172
   at Microsoft.AspNetCore.Mvc.Internal.ActionMethodExecutor.TaskOfIActionResultExecutor.Execute(IActionResultTypeMapper mapper, ObjectMethodExecutor executor, Object controller, Object[] arguments)
   at System.Threading.Tasks.ValueTask`1.get_Result()
   at Microsoft.AspNetCore.Mvc.Internal.ControllerActionInvoker.InvokeActionMethodAsync()
   at Microsoft.AspNetCore.Mvc.Internal.ControllerActionInvoker.InvokeNextActionFilterAsync()
   at Microsoft.AspNetCore.Mvc.Internal.ControllerActionInvoker.Rethrow(ActionExecutedContext context)
   at Microsoft.AspNetCore.Mvc.Internal.ControllerActionInvoker.Next(State& next, Scope& scope, Object& state, Boolean& isCompleted)
   at Microsoft.AspNetCore.Mvc.Internal.ControllerActionInvoker.InvokeInnerFilterAsync()
   at Microsoft.AspNetCore.Mvc.Internal.ResourceInvoker.InvokeNextResourceFilter()
   at Microsoft.AspNetCore.Mvc.Internal.ResourceInvoker.Rethrow(ResourceExecutedContext context)
   at Microsoft.AspNetCore.Mvc.Internal.ResourceInvoker.Next(State& next, Scope& scope, Object& state, Boolean& isCompleted)
   at Microsoft.AspNetCore.Mvc.Internal.ResourceInvoker.InvokeFilterPipelineAsync()
   at Microsoft.AspNetCore.Mvc.Internal.ResourceInvoker.InvokeAsync()
   at Microsoft.AspNetCore.Routing.EndpointMiddleware.Invoke(HttpContext httpContext)
   at Microsoft.AspNetCore.Routing.EndpointRoutingMiddleware.Invoke(HttpContext httpContext)
   at THD.Core.Api.Private.ErrorHandlingMiddleware.Invoke(HttpContext context) in C:\Work Project\GitHub\Efilling\efilling_api\THD.Core.Api\THD.Core.Api.Private\Core\ErrorHandlingMiddleware.cs:line 24
ClientConnectionId:ffc633fd-3d06-44bf-9bc5-eb7657de18eb
Error Number:8144,State:2,Class:16
2020/02/06 17:35:41.479    30   System.Data.SqlClient.SqlException (0x80131904): Procedure or function sp_doc_menu_a3_edit has too many arguments specified.
   at System.Data.SqlClient.SqlConnection.OnError(SqlException exception, Boolean breakConnection, Action`1 wrapCloseInAction)
   at System.Data.SqlClient.TdsParser.ThrowExceptionAndWarning(TdsParserStateObject stateObj, Boolean callerHasConnectionLock, Boolean asyncClose)
   at System.Data.SqlClient.TdsParser.TryRun(RunBehavior runBehavior, SqlCommand cmdHandler, SqlDataReader dataStream, BulkCopySimpleResultSet bulkCopyHandler, TdsParserStateObject stateObj, Boolean& dataReady)
   at System.Data.SqlClient.SqlCommand.FinishExecuteReader(SqlDataReader ds, RunBehavior runBehavior, String resetOptionsString)
   at System.Data.SqlClient.SqlCommand.CompleteAsyncExecuteReader()
   at System.Data.SqlClient.SqlCommand.EndExecuteNonQueryInternal(IAsyncResult asyncResult)
   at System.Data.SqlClient.SqlCommand.EndExecuteNonQuery(IAsyncResult asyncResult)
   at System.Threading.Tasks.TaskFactory`1.FromAsyncCoreLogic(IAsyncResult iar, Func`2 endFunction, Action`1 endAction, Task`1 promise, Boolean requiresSynchronization)
--- End of stack trace from previous location where exception was thrown ---
   at THD.Core.Api.Repository.DataHandler.DocMenuA3Repository.UpdateDocMenuA3EditAsync(ModelMenuA3 model) in C:\Work Project\GitHub\Efilling\efilling_api\THD.Core.Api\THD.Core.Api.Repository\DataHandler\DocMenuA3Repository.cs:line 334
   at THD.Core.Api.Business.DocMenuAService.UpdateDocMenuA3EditAsync(ModelMenuA3 model) in C:\Work Project\GitHub\Efilling\efilling_api\THD.Core.Api\THD.Core.Api.Business\DocMenuAService.cs:line 358
   at THD.Core.Api.Private.Controllers.PrivateDocMenuAController.UpdateDocMenuA3Edit(ModelMenuA3 model) in C:\Work Project\GitHub\Efilling\efilling_api\THD.Core.Api\THD.Core.Api.Private\Controllers\PrivateDocMenuAController.cs:line 172
   at Microsoft.AspNetCore.Mvc.Internal.ActionMethodExecutor.TaskOfIActionResultExecutor.Execute(IActionResultTypeMapper mapper, ObjectMethodExecutor executor, Object controller, Object[] arguments)
   at System.Threading.Tasks.ValueTask`1.get_Result()
   at Microsoft.AspNetCore.Mvc.Internal.ControllerActionInvoker.InvokeActionMethodAsync()
   at Microsoft.AspNetCore.Mvc.Internal.ControllerActionInvoker.InvokeNextActionFilterAsync()
   at Microsoft.AspNetCore.Mvc.Internal.ControllerActionInvoker.Rethrow(ActionExecutedContext context)
   at Microsoft.AspNetCore.Mvc.Internal.ControllerActionInvoker.Next(State& next, Scope& scope, Object& state, Boolean& isCompleted)
   at Microsoft.AspNetCore.Mvc.Internal.ControllerActionInvoker.InvokeInnerFilterAsync()
   at Microsoft.AspNetCore.Mvc.Internal.ResourceInvoker.InvokeNextResourceFilter()
   at Microsoft.AspNetCore.Mvc.Internal.ResourceInvoker.Rethrow(ResourceExecutedContext context)
   at Microsoft.AspNetCore.Mvc.Internal.ResourceInvoker.Next(State& next, Scope& scope, Object& state, Boolean& isCompleted)
   at Microsoft.AspNetCore.Mvc.Internal.ResourceInvoker.InvokeFilterPipelineAsync()
   at Microsoft.AspNetCore.Mvc.Internal.ResourceInvoker.InvokeAsync()
   at Microsoft.AspNetCore.Routing.EndpointMiddleware.Invoke(HttpContext httpContext)
   at Microsoft.AspNetCore.Routing.EndpointRoutingMiddleware.Invoke(HttpContext httpContext)
   at THD.Core.Api.Private.ErrorHandlingMiddleware.Invoke(HttpContext context) in C:\Work Project\GitHub\Efilling\efilling_api\THD.Core.Api\THD.Core.Api.Private\Core\ErrorHandlingMiddleware.cs:line 24
ClientConnectionId:ffc633fd-3d06-44bf-9bc5-eb7657de18eb
Error Number:8144,State:2,Class:16
2020/02/06 18:00:57.339    16   System.Data.SqlClient.SqlException (0x80131904): Procedure or function sp_doc_menu_a5_edit has too many arguments specified.
   at System.Data.SqlClient.SqlConnection.OnError(SqlException exception, Boolean breakConnection, Action`1 wrapCloseInAction)
   at System.Data.SqlClient.TdsParser.ThrowExceptionAndWarning(TdsParserStateObject stateObj, Boolean callerHasConnectionLock, Boolean asyncClose)
   at System.Data.SqlClient.TdsParser.TryRun(RunBehavior runBehavior, SqlCommand cmdHandler, SqlDataReader dataStream, BulkCopySimpleResultSet bulkCopyHandler, TdsParserStateObject stateObj, Boolean& dataReady)
   at System.Data.SqlClient.SqlCommand.FinishExecuteReader(SqlDataReader ds, RunBehavior runBehavior, String resetOptionsString)
   at System.Data.SqlClient.SqlCommand.CompleteAsyncExecuteReader()
   at System.Data.SqlClient.SqlCommand.EndExecuteNonQueryInternal(IAsyncResult asyncResult)
   at System.Data.SqlClient.SqlCommand.EndExecuteNonQuery(IAsyncResult asyncResult)
   at System.Threading.Tasks.TaskFactory`1.FromAsyncCoreLogic(IAsyncResult iar, Func`2 endFunction, Action`1 endAction, Task`1 promise, Boolean requiresSynchronization)
--- End of stack trace from previous location where exception was thrown ---
   at THD.Core.Api.Repository.DataHandler.DocMenuA5Repository.UpdateDocMenuA5EditAsync(ModelMenuA5 model) in C:\Work Project\GitHub\Efilling\efilling_api\THD.Core.Api\THD.Core.Api.Repository\DataHandler\DocMenuA5Repository.cs:line 338
   at THD.Core.Api.Business.DocMenuAService.UpdateDocMenuA5EditAsync(ModelMenuA5 model) in C:\Work Project\GitHub\Efilling\efilling_api\THD.Core.Api\THD.Core.Api.Business\DocMenuAService.cs:line 479
   at THD.Core.Api.Private.Controllers.PrivateDocMenuAController.UpdateDocMenuA5Edit(ModelMenuA5 model) in C:\Work Project\GitHub\Efilling\efilling_api\THD.Core.Api\THD.Core.Api.Private\Controllers\PrivateDocMenuAController.cs:line 351
   at Microsoft.AspNetCore.Mvc.Internal.ActionMethodExecutor.TaskOfIActionResultExecutor.Execute(IActionResultTypeMapper mapper, ObjectMethodExecutor executor, Object controller, Object[] arguments)
   at System.Threading.Tasks.ValueTask`1.get_Result()
   at Microsoft.AspNetCore.Mvc.Internal.ControllerActionInvoker.InvokeActionMethodAsync()
   at Microsoft.AspNetCore.Mvc.Internal.ControllerActionInvoker.InvokeNextActionFilterAsync()
   at Microsoft.AspNetCore.Mvc.Internal.ControllerActionInvoker.Rethrow(ActionExecutedContext context)
   at Microsoft.AspNetCore.Mvc.Internal.ControllerActionInvoker.Next(State& next, Scope& scope, Object& state, Boolean& isCompleted)
   at Microsoft.AspNetCore.Mvc.Internal.ControllerActionInvoker.InvokeInnerFilterAsync()
   at Microsoft.AspNetCore.Mvc.Internal.ResourceInvoker.InvokeNextResourceFilter()
   at Microsoft.AspNetCore.Mvc.Internal.ResourceInvoker.Rethrow(ResourceExecutedContext context)
   at Microsoft.AspNetCore.Mvc.Internal.ResourceInvoker.Next(State& next, Scope& scope, Object& state, Boolean& isCompleted)
   at Microsoft.AspNetCore.Mvc.Internal.ResourceInvoker.InvokeFilterPipelineAsync()
   at Microsoft.AspNetCore.Mvc.Internal.ResourceInvoker.InvokeAsync()
   at Microsoft.AspNetCore.Routing.EndpointMiddleware.Invoke(HttpContext httpContext)
   at Microsoft.AspNetCore.Routing.EndpointRoutingMiddleware.Invoke(HttpContext httpContext)
   at THD.Core.Api.Private.ErrorHandlingMiddleware.Invoke(HttpContext context) in C:\Work Project\GitHub\Efilling\efilling_api\THD.Core.Api\THD.Core.Api.Private\Core\ErrorHandlingMiddleware.cs:line 24
ClientConnectionId:1456e925-9ba2-4764-9d30-586ea797df77
Error Number:8144,State:2,Class:16
2020/02/06 18:01:45.940    10   System.Data.SqlClient.SqlException (0x80131904): Procedure or function sp_doc_menu_a5_edit has too many arguments specified.
   at System.Data.SqlClient.SqlConnection.OnError(SqlException exception, Boolean breakConnection, Action`1 wrapCloseInAction)
   at System.Data.SqlClient.TdsParser.ThrowExceptionAndWarning(TdsParserStateObject stateObj, Boolean callerHasConnectionLock, Boolean asyncClose)
   at System.Data.SqlClient.TdsParser.TryRun(RunBehavior runBehavior, SqlCommand cmdHandler, SqlDataReader dataStream, BulkCopySimpleResultSet bulkCopyHandler, TdsParserStateObject stateObj, Boolean& dataReady)
   at System.Data.SqlClient.SqlCommand.FinishExecuteReader(SqlDataReader ds, RunBehavior runBehavior, String resetOptionsString)
   at System.Data.SqlClient.SqlCommand.CompleteAsyncExecuteReader()
   at System.Data.SqlClient.SqlCommand.EndExecuteNonQueryInternal(IAsyncResult asyncResult)
   at System.Data.SqlClient.SqlCommand.EndExecuteNonQuery(IAsyncResult asyncResult)
   at System.Threading.Tasks.TaskFactory`1.FromAsyncCoreLogic(IAsyncResult iar, Func`2 endFunction, Action`1 endAction, Task`1 promise, Boolean requiresSynchronization)
--- End of stack trace from previous location where exception was thrown ---
   at THD.Core.Api.Repository.DataHandler.DocMenuA5Repository.UpdateDocMenuA5EditAsync(ModelMenuA5 model) in C:\Work Project\GitHub\Efilling\efilling_api\THD.Core.Api\THD.Core.Api.Repository\DataHandler\DocMenuA5Repository.cs:line 338
   at THD.Core.Api.Business.DocMenuAService.UpdateDocMenuA5EditAsync(ModelMenuA5 model) in C:\Work Project\GitHub\Efilling\efilling_api\THD.Core.Api\THD.Core.Api.Business\DocMenuAService.cs:line 479
   at THD.Core.Api.Private.Controllers.PrivateDocMenuAController.UpdateDocMenuA5Edit(ModelMenuA5 model) in C:\Work Project\GitHub\Efilling\efilling_api\THD.Core.Api\THD.Core.Api.Private\Controllers\PrivateDocMenuAController.cs:line 351
   at Microsoft.AspNetCore.Mvc.Internal.ActionMethodExecutor.TaskOfIActionResultExecutor.Execute(IActionResultTypeMapper mapper, ObjectMethodExecutor executor, Object controller, Object[] arguments)
   at System.Threading.Tasks.ValueTask`1.get_Result()
   at Microsoft.AspNetCore.Mvc.Internal.ControllerActionInvoker.InvokeActionMethodAsync()
   at Microsoft.AspNetCore.Mvc.Internal.ControllerActionInvoker.InvokeNextActionFilterAsync()
   at Microsoft.AspNetCore.Mvc.Internal.ControllerActionInvoker.Rethrow(ActionExecutedContext context)
   at Microsoft.AspNetCore.Mvc.Internal.ControllerActionInvoker.Next(State& next, Scope& scope, Object& state, Boolean& isCompleted)
   at Microsoft.AspNetCore.Mvc.Internal.ControllerActionInvoker.InvokeInnerFilterAsync()
   at Microsoft.AspNetCore.Mvc.Internal.ResourceInvoker.InvokeNextResourceFilter()
   at Microsoft.AspNetCore.Mvc.Internal.ResourceInvoker.Rethrow(ResourceExecutedContext context)
   at Microsoft.AspNetCore.Mvc.Internal.ResourceInvoker.Next(State& next, Scope& scope, Object& state, Boolean& isCompleted)
   at Microsoft.AspNetCore.Mvc.Internal.ResourceInvoker.InvokeFilterPipelineAsync()
   at Microsoft.AspNetCore.Mvc.Internal.ResourceInvoker.InvokeAsync()
   at Microsoft.AspNetCore.Routing.EndpointMiddleware.Invoke(HttpContext httpContext)
   at Microsoft.AspNetCore.Routing.EndpointRoutingMiddleware.Invoke(HttpContext httpContext)
   at THD.Core.Api.Private.ErrorHandlingMiddleware.Invoke(HttpContext context) in C:\Work Project\GitHub\Efilling\efilling_api\THD.Core.Api\THD.Core.Api.Private\Core\ErrorHandlingMiddleware.cs:line 24
ClientConnectionId:1456e925-9ba2-4764-9d30-586ea797df77
Error Number:8144,State:2,Class:16
2020/02/06 18:03:17.093    53   System.Data.SqlClient.SqlException (0x80131904): Procedure or function sp_doc_menu_a5_edit has too many arguments specified.
   at System.Data.SqlClient.SqlConnection.OnError(SqlException exception, Boolean breakConnection, Action`1 wrapCloseInAction)
   at System.Data.SqlClient.TdsParser.ThrowExceptionAndWarning(TdsParserStateObject stateObj, Boolean callerHasConnectionLock, Boolean asyncClose)
   at System.Data.SqlClient.TdsParser.TryRun(RunBehavior runBehavior, SqlCommand cmdHandler, SqlDataReader dataStream, BulkCopySimpleResultSet bulkCopyHandler, TdsParserStateObject stateObj, Boolean& dataReady)
   at System.Data.SqlClient.SqlCommand.FinishExecuteReader(SqlDataReader ds, RunBehavior runBehavior, String resetOptionsString)
   at System.Data.SqlClient.SqlCommand.CompleteAsyncExecuteReader()
   at System.Data.SqlClient.SqlCommand.EndExecuteNonQueryInternal(IAsyncResult asyncResult)
   at System.Data.SqlClient.SqlCommand.EndExecuteNonQuery(IAsyncResult asyncResult)
   at System.Threading.Tasks.TaskFactory`1.FromAsyncCoreLogic(IAsyncResult iar, Func`2 endFunction, Action`1 endAction, Task`1 promise, Boolean requiresSynchronization)
--- End of stack trace from previous location where exception was thrown ---
   at THD.Core.Api.Repository.DataHandler.DocMenuA5Repository.UpdateDocMenuA5EditAsync(ModelMenuA5 model) in C:\Work Project\GitHub\Efilling\efilling_api\THD.Core.Api\THD.Core.Api.Repository\DataHandler\DocMenuA5Repository.cs:line 338
   at THD.Core.Api.Business.DocMenuAService.UpdateDocMenuA5EditAsync(ModelMenuA5 model) in C:\Work Project\GitHub\Efilling\efilling_api\THD.Core.Api\THD.Core.Api.Business\DocMenuAService.cs:line 479
   at THD.Core.Api.Private.Controllers.PrivateDocMenuAController.UpdateDocMenuA5Edit(ModelMenuA5 model) in C:\Work Project\GitHub\Efilling\efilling_api\THD.Core.Api\THD.Core.Api.Private\Controllers\PrivateDocMenuAController.cs:line 351
   at Microsoft.AspNetCore.Mvc.Internal.ActionMethodExecutor.TaskOfIActionResultExecutor.Execute(IActionResultTypeMapper mapper, ObjectMethodExecutor executor, Object controller, Object[] arguments)
   at System.Threading.Tasks.ValueTask`1.get_Result()
   at Microsoft.AspNetCore.Mvc.Internal.ControllerActionInvoker.InvokeActionMethodAsync()
   at Microsoft.AspNetCore.Mvc.Internal.ControllerActionInvoker.InvokeNextActionFilterAsync()
   at Microsoft.AspNetCore.Mvc.Internal.ControllerActionInvoker.Rethrow(ActionExecutedContext context)
   at Microsoft.AspNetCore.Mvc.Internal.ControllerActionInvoker.Next(State& next, Scope& scope, Object& state, Boolean& isCompleted)
   at Microsoft.AspNetCore.Mvc.Internal.ControllerActionInvoker.InvokeInnerFilterAsync()
   at Microsoft.AspNetCore.Mvc.Internal.ResourceInvoker.InvokeNextResourceFilter()
   at Microsoft.AspNetCore.Mvc.Internal.ResourceInvoker.Rethrow(ResourceExecutedContext context)
   at Microsoft.AspNetCore.Mvc.Internal.ResourceInvoker.Next(State& next, Scope& scope, Object& state, Boolean& isCompleted)
   at Microsoft.AspNetCore.Mvc.Internal.ResourceInvoker.InvokeFilterPipelineAsync()
   at Microsoft.AspNetCore.Mvc.Internal.ResourceInvoker.InvokeAsync()
   at Microsoft.AspNetCore.Routing.EndpointMiddleware.Invoke(HttpContext httpContext)
   at Microsoft.AspNetCore.Routing.EndpointRoutingMiddleware.Invoke(HttpContext httpContext)
   at THD.Core.Api.Private.ErrorHandlingMiddleware.Invoke(HttpContext context) in C:\Work Project\GitHub\Efilling\efilling_api\THD.Core.Api\THD.Core.Api.Private\Core\ErrorHandlingMiddleware.cs:line 24
ClientConnectionId:1456e925-9ba2-4764-9d30-586ea797df77
Error Number:8144,State:2,Class:16
2020/02/06 18:28:44.222    7   System.IndexOutOfRangeException: file2name
   at System.Data.ProviderBase.BasicFieldNameLookup.GetOrdinal(String fieldName)
   at System.Data.SqlClient.SqlDataReader.GetOrdinal(String name)
   at System.Data.SqlClient.SqlDataReader.get_Item(String name)
   at THD.Core.Api.Repository.DataHandler.DocMenuA7Repository.GetA7DownloadFileByIdAsync(Int32 DocId, Int32 Id) in C:\Work Project\GitHub\Efilling\efilling_api\THD.Core.Api\THD.Core.Api.Repository\DataHandler\DocMenuA7Repository.cs:line 294
   at THD.Core.Api.Business.DocMenuAService.GetA7DownloadFileByIdAsync(Int32 DocId, Int32 Id) in C:\Work Project\GitHub\Efilling\efilling_api\THD.Core.Api\THD.Core.Api.Business\DocMenuAService.cs:line 594
   at THD.Core.Api.Private.Controllers.PrivateDocMenuAController.GetA7DownloadFileById(Int32 DocId, Int32 Id) in C:\Work Project\GitHub\Efilling\efilling_api\THD.Core.Api\THD.Core.Api.Private\Controllers\PrivateDocMenuAController.cs:line 482
   at Microsoft.AspNetCore.Mvc.Internal.ActionMethodExecutor.TaskOfIActionResultExecutor.Execute(IActionResultTypeMapper mapper, ObjectMethodExecutor executor, Object controller, Object[] arguments)
   at System.Threading.Tasks.ValueTask`1.get_Result()
   at Microsoft.AspNetCore.Mvc.Internal.ControllerActionInvoker.InvokeActionMethodAsync()
   at Microsoft.AspNetCore.Mvc.Internal.ControllerActionInvoker.InvokeNextActionFilterAsync()
   at Microsoft.AspNetCore.Mvc.Internal.ControllerActionInvoker.Rethrow(ActionExecutedContext context)
   at Microsoft.AspNetCore.Mvc.Internal.ControllerActionInvoker.Next(State& next, Scope& scope, Object& state, Boolean& isCompleted)
   at Microsoft.AspNetCore.Mvc.Internal.ControllerActionInvoker.InvokeInnerFilterAsync()
   at Microsoft.AspNetCore.Mvc.Internal.ResourceInvoker.InvokeNextResourceFilter()
   at Microsoft.AspNetCore.Mvc.Internal.ResourceInvoker.Rethrow(ResourceExecutedContext context)
   at Microsoft.AspNetCore.Mvc.Internal.ResourceInvoker.Next(State& next, Scope& scope, Object& state, Boolean& isCompleted)
   at Microsoft.AspNetCore.Mvc.Internal.ResourceInvoker.InvokeFilterPipelineAsync()
   at Microsoft.AspNetCore.Mvc.Internal.ResourceInvoker.InvokeAsync()
   at Microsoft.AspNetCore.Routing.EndpointMiddleware.Invoke(HttpContext httpContext)
   at Microsoft.AspNetCore.Routing.EndpointRoutingMiddleware.Invoke(HttpContext httpContext)
   at THD.Core.Api.Private.ErrorHandlingMiddleware.Invoke(HttpContext context) in C:\Work Project\GitHub\Efilling\efilling_api\THD.Core.Api\THD.Core.Api.Private\Core\ErrorHandlingMiddleware.cs:line 24
2020/02/06 18:28:57.560    10   System.IndexOutOfRangeException: file2name
   at System.Data.ProviderBase.BasicFieldNameLookup.GetOrdinal(String fieldName)
   at System.Data.SqlClient.SqlDataReader.GetOrdinal(String name)
   at System.Data.SqlClient.SqlDataReader.get_Item(String name)
   at THD.Core.Api.Repository.DataHandler.DocMenuA7Repository.GetA7DownloadFileByIdAsync(Int32 DocId, Int32 Id) in C:\Work Project\GitHub\Efilling\efilling_api\THD.Core.Api\THD.Core.Api.Repository\DataHandler\DocMenuA7Repository.cs:line 294
   at THD.Core.Api.Business.DocMenuAService.GetA7DownloadFileByIdAsync(Int32 DocId, Int32 Id) in C:\Work Project\GitHub\Efilling\efilling_api\THD.Core.Api\THD.Core.Api.Business\DocMenuAService.cs:line 594
   at THD.Core.Api.Private.Controllers.PrivateDocMenuAController.GetA7DownloadFileById(Int32 DocId, Int32 Id) in C:\Work Project\GitHub\Efilling\efilling_api\THD.Core.Api\THD.Core.Api.Private\Controllers\PrivateDocMenuAController.cs:line 482
   at Microsoft.AspNetCore.Mvc.Internal.ActionMethodExecutor.TaskOfIActionResultExecutor.Execute(IActionResultTypeMapper mapper, ObjectMethodExecutor executor, Object controller, Object[] arguments)
   at System.Threading.Tasks.ValueTask`1.get_Result()
   at Microsoft.AspNetCore.Mvc.Internal.ControllerActionInvoker.InvokeActionMethodAsync()
   at Microsoft.AspNetCore.Mvc.Internal.ControllerActionInvoker.InvokeNextActionFilterAsync()
   at Microsoft.AspNetCore.Mvc.Internal.ControllerActionInvoker.Rethrow(ActionExecutedContext context)
   at Microsoft.AspNetCore.Mvc.Internal.ControllerActionInvoker.Next(State& next, Scope& scope, Object& state, Boolean& isCompleted)
   at Microsoft.AspNetCore.Mvc.Internal.ControllerActionInvoker.InvokeInnerFilterAsync()
   at Microsoft.AspNetCore.Mvc.Internal.ResourceInvoker.InvokeNextResourceFilter()
   at Microsoft.AspNetCore.Mvc.Internal.ResourceInvoker.Rethrow(ResourceExecutedContext context)
   at Microsoft.AspNetCore.Mvc.Internal.ResourceInvoker.Next(State& next, Scope& scope, Object& state, Boolean& isCompleted)
   at Microsoft.AspNetCore.Mvc.Internal.ResourceInvoker.InvokeFilterPipelineAsync()
   at Microsoft.AspNetCore.Mvc.Internal.ResourceInvoker.InvokeAsync()
   at Microsoft.AspNetCore.Routing.EndpointMiddleware.Invoke(HttpContext httpContext)
   at Microsoft.AspNetCore.Routing.EndpointRoutingMiddleware.Invoke(HttpContext httpContext)
   at THD.Core.Api.Private.ErrorHandlingMiddleware.Invoke(HttpContext context) in C:\Work Project\GitHub\Efilling\efilling_api\THD.Core.Api\THD.Core.Api.Private\Core\ErrorHandlingMiddleware.cs:line 24
2020/02/06 18:29:32.426    14   System.IndexOutOfRangeException: file2name
   at System.Data.ProviderBase.BasicFieldNameLookup.GetOrdinal(String fieldName)
   at System.Data.SqlClient.SqlDataReader.GetOrdinal(String name)
   at System.Data.SqlClient.SqlDataReader.get_Item(String name)
   at THD.Core.Api.Repository.DataHandler.DocMenuA7Repository.GetA7DownloadFileByIdAsync(Int32 DocId, Int32 Id) in C:\Work Project\GitHub\Efilling\efilling_api\THD.Core.Api\THD.Core.Api.Repository\DataHandler\DocMenuA7Repository.cs:line 294
   at THD.Core.Api.Business.DocMenuAService.GetA7DownloadFileByIdAsync(Int32 DocId, Int32 Id) in C:\Work Project\GitHub\Efilling\efilling_api\THD.Core.Api\THD.Core.Api.Business\DocMenuAService.cs:line 594
   at THD.Core.Api.Private.Controllers.PrivateDocMenuAController.GetA7DownloadFileById(Int32 DocId, Int32 Id) in C:\Work Project\GitHub\Efilling\efilling_api\THD.Core.Api\THD.Core.Api.Private\Controllers\PrivateDocMenuAController.cs:line 482
   at Microsoft.AspNetCore.Mvc.Internal.ActionMethodExecutor.TaskOfIActionResultExecutor.Execute(IActionResultTypeMapper mapper, ObjectMethodExecutor executor, Object controller, Object[] arguments)
   at System.Threading.Tasks.ValueTask`1.get_Result()
   at Microsoft.AspNetCore.Mvc.Internal.ControllerActionInvoker.InvokeActionMethodAsync()
   at Microsoft.AspNetCore.Mvc.Internal.ControllerActionInvoker.InvokeNextActionFilterAsync()
   at Microsoft.AspNetCore.Mvc.Internal.ControllerActionInvoker.Rethrow(ActionExecutedContext context)
   at Microsoft.AspNetCore.Mvc.Internal.ControllerActionInvoker.Next(State& next, Scope& scope, Object& state, Boolean& isCompleted)
   at Microsoft.AspNetCore.Mvc.Internal.ControllerActionInvoker.InvokeInnerFilterAsync()
   at Microsoft.AspNetCore.Mvc.Internal.ResourceInvoker.InvokeNextResourceFilter()
   at Microsoft.AspNetCore.Mvc.Internal.ResourceInvoker.Rethrow(ResourceExecutedContext context)
   at Microsoft.AspNetCore.Mvc.Internal.ResourceInvoker.Next(State& next, Scope& scope, Object& state, Boolean& isCompleted)
   at Microsoft.AspNetCore.Mvc.Internal.ResourceInvoker.InvokeFilterPipelineAsync()
   at Microsoft.AspNetCore.Mvc.Internal.ResourceInvoker.InvokeAsync()
   at Microsoft.AspNetCore.Routing.EndpointMiddleware.Invoke(HttpContext httpContext)
   at Microsoft.AspNetCore.Routing.EndpointRoutingMiddleware.Invoke(HttpContext httpContext)
   at THD.Core.Api.Private.ErrorHandlingMiddleware.Invoke(HttpContext context) in C:\Work Project\GitHub\Efilling\efilling_api\THD.Core.Api\THD.Core.Api.Private\Core\ErrorHandlingMiddleware.cs:line 24
2020/02/06 21:11:35.341    11   System.NullReferenceException: Object reference not set to an instance of an object.
   at THD.Core.Api.Repository.DataHandler.DocMenuA1Repository.GetMenuA1DataEditAsync(Int32 doc_id) in C:\Work Project\GitHub\Efilling\efilling_api\THD.Core.Api\THD.Core.Api.Repository\DataHandler\DocMenuA1Repository.cs:line 345
   at THD.Core.Api.Repository.DataHandler.DocMenuA1Repository.MenuA1InterfaceDataEditAsync(Int32 doc_id, String userid, String username) in C:\Work Project\GitHub\Efilling\efilling_api\THD.Core.Api\THD.Core.Api.Repository\DataHandler\DocMenuA1Repository.cs:line 230
   at THD.Core.Api.Business.DocMenuAService.MenuA1InterfaceDataEditAsync(Int32 doc_id, String userid, String username) in C:\Work Project\GitHub\Efilling\efilling_api\THD.Core.Api\THD.Core.Api.Business\DocMenuAService.cs:line 166
   at THD.Core.Api.Private.Controllers.PrivateDocMenuAController.MenuA1InterfaceDataEdit(Int32 DocId, String userid, String username) in C:\Work Project\GitHub\Efilling\efilling_api\THD.Core.Api\THD.Core.Api.Private\Controllers\PrivateDocMenuAController.cs:line 66
   at Microsoft.AspNetCore.Mvc.Internal.ActionMethodExecutor.TaskOfIActionResultExecutor.Execute(IActionResultTypeMapper mapper, ObjectMethodExecutor executor, Object controller, Object[] arguments)
   at System.Threading.Tasks.ValueTask`1.get_Result()
   at Microsoft.AspNetCore.Mvc.Internal.ControllerActionInvoker.InvokeActionMethodAsync()
   at Microsoft.AspNetCore.Mvc.Internal.ControllerActionInvoker.InvokeNextActionFilterAsync()
   at Microsoft.AspNetCore.Mvc.Internal.ControllerActionInvoker.Rethrow(ActionExecutedContext context)
   at Microsoft.AspNetCore.Mvc.Internal.ControllerActionInvoker.Next(State& next, Scope& scope, Object& state, Boolean& isCompleted)
   at Microsoft.AspNetCore.Mvc.Internal.ControllerActionInvoker.InvokeInnerFilterAsync()
   at Microsoft.AspNetCore.Mvc.Internal.ResourceInvoker.InvokeNextResourceFilter()
   at Microsoft.AspNetCore.Mvc.Internal.ResourceInvoker.Rethrow(ResourceExecutedContext context)
   at Microsoft.AspNetCore.Mvc.Internal.ResourceInvoker.Next(State& next, Scope& scope, Object& state, Boolean& isCompleted)
   at Microsoft.AspNetCore.Mvc.Internal.ResourceInvoker.InvokeFilterPipelineAsync()
   at Microsoft.AspNetCore.Mvc.Internal.ResourceInvoker.InvokeAsync()
   at Microsoft.AspNetCore.Routing.EndpointMiddleware.Invoke(HttpContext httpContext)
   at Microsoft.AspNetCore.Routing.EndpointRoutingMiddleware.Invoke(HttpContext httpContext)
   at THD.Core.Api.Private.ErrorHandlingMiddleware.Invoke(HttpContext context) in C:\Work Project\GitHub\Efilling\efilling_api\THD.Core.Api\THD.Core.Api.Private\Core\ErrorHandlingMiddleware.cs:line 24
2020/02/06 21:12:40.095    6   System.NullReferenceException: Object reference not set to an instance of an object.
   at THD.Core.Api.Repository.DataHandler.DocMenuA1Repository.GetMenuA1DataEditAsync(Int32 doc_id) in C:\Work Project\GitHub\Efilling\efilling_api\THD.Core.Api\THD.Core.Api.Repository\DataHandler\DocMenuA1Repository.cs:line 345
   at THD.Core.Api.Repository.DataHandler.DocMenuA1Repository.MenuA1InterfaceDataEditAsync(Int32 doc_id, String userid, String username) in C:\Work Project\GitHub\Efilling\efilling_api\THD.Core.Api\THD.Core.Api.Repository\DataHandler\DocMenuA1Repository.cs:line 230
   at THD.Core.Api.Business.DocMenuAService.MenuA1InterfaceDataEditAsync(Int32 doc_id, String userid, String username) in C:\Work Project\GitHub\Efilling\efilling_api\THD.Core.Api\THD.Core.Api.Business\DocMenuAService.cs:line 166
   at THD.Core.Api.Private.Controllers.PrivateDocMenuAController.MenuA1InterfaceDataEdit(Int32 DocId, String userid, String username) in C:\Work Project\GitHub\Efilling\efilling_api\THD.Core.Api\THD.Core.Api.Private\Controllers\PrivateDocMenuAController.cs:line 66
   at Microsoft.AspNetCore.Mvc.Internal.ActionMethodExecutor.TaskOfIActionResultExecutor.Execute(IActionResultTypeMapper mapper, ObjectMethodExecutor executor, Object controller, Object[] arguments)
   at System.Threading.Tasks.ValueTask`1.get_Result()
   at Microsoft.AspNetCore.Mvc.Internal.ControllerActionInvoker.InvokeActionMethodAsync()
   at Microsoft.AspNetCore.Mvc.Internal.ControllerActionInvoker.InvokeNextActionFilterAsync()
   at Microsoft.AspNetCore.Mvc.Internal.ControllerActionInvoker.Rethrow(ActionExecutedContext context)
   at Microsoft.AspNetCore.Mvc.Internal.ControllerActionInvoker.Next(State& next, Scope& scope, Object& state, Boolean& isCompleted)
   at Microsoft.AspNetCore.Mvc.Internal.ControllerActionInvoker.InvokeInnerFilterAsync()
   at Microsoft.AspNetCore.Mvc.Internal.ResourceInvoker.InvokeNextResourceFilter()
   at Microsoft.AspNetCore.Mvc.Internal.ResourceInvoker.Rethrow(ResourceExecutedContext context)
   at Microsoft.AspNetCore.Mvc.Internal.ResourceInvoker.Next(State& next, Scope& scope, Object& state, Boolean& isCompleted)
   at Microsoft.AspNetCore.Mvc.Internal.ResourceInvoker.InvokeFilterPipelineAsync()
   at Microsoft.AspNetCore.Mvc.Internal.ResourceInvoker.InvokeAsync()
   at Microsoft.AspNetCore.Routing.EndpointMiddleware.Invoke(HttpContext httpContext)
   at Microsoft.AspNetCore.Routing.EndpointRoutingMiddleware.Invoke(HttpContext httpContext)
   at THD.Core.Api.Private.ErrorHandlingMiddleware.Invoke(HttpContext context) in C:\Work Project\GitHub\Efilling\efilling_api\THD.Core.Api\THD.Core.Api.Private\Core\ErrorHandlingMiddleware.cs:line 24
2020/02/06 21:13:30.687    6   System.NullReferenceException: Object reference not set to an instance of an object.
   at THD.Core.Api.Repository.DataHandler.DocMenuA1Repository.GetMenuA1DataEditAsync(Int32 doc_id) in C:\Work Project\GitHub\Efilling\efilling_api\THD.Core.Api\THD.Core.Api.Repository\DataHandler\DocMenuA1Repository.cs:line 345
   at THD.Core.Api.Repository.DataHandler.DocMenuA1Repository.MenuA1InterfaceDataEditAsync(Int32 doc_id, String userid, String username) in C:\Work Project\GitHub\Efilling\efilling_api\THD.Core.Api\THD.Core.Api.Repository\DataHandler\DocMenuA1Repository.cs:line 230
   at THD.Core.Api.Business.DocMenuAService.MenuA1InterfaceDataEditAsync(Int32 doc_id, String userid, String username) in C:\Work Project\GitHub\Efilling\efilling_api\THD.Core.Api\THD.Core.Api.Business\DocMenuAService.cs:line 166
   at THD.Core.Api.Private.Controllers.PrivateDocMenuAController.MenuA1InterfaceDataEdit(Int32 DocId, String userid, String username) in C:\Work Project\GitHub\Efilling\efilling_api\THD.Core.Api\THD.Core.Api.Private\Controllers\PrivateDocMenuAController.cs:line 66
   at Microsoft.AspNetCore.Mvc.Internal.ActionMethodExecutor.TaskOfIActionResultExecutor.Execute(IActionResultTypeMapper mapper, ObjectMethodExecutor executor, Object controller, Object[] arguments)
   at System.Threading.Tasks.ValueTask`1.get_Result()
   at Microsoft.AspNetCore.Mvc.Internal.ControllerActionInvoker.InvokeActionMethodAsync()
   at Microsoft.AspNetCore.Mvc.Internal.ControllerActionInvoker.InvokeNextActionFilterAsync()
   at Microsoft.AspNetCore.Mvc.Internal.ControllerActionInvoker.Rethrow(ActionExecutedContext context)
   at Microsoft.AspNetCore.Mvc.Internal.ControllerActionInvoker.Next(State& next, Scope& scope, Object& state, Boolean& isCompleted)
   at Microsoft.AspNetCore.Mvc.Internal.ControllerActionInvoker.InvokeInnerFilterAsync()
   at Microsoft.AspNetCore.Mvc.Internal.ResourceInvoker.InvokeNextResourceFilter()
   at Microsoft.AspNetCore.Mvc.Internal.ResourceInvoker.Rethrow(ResourceExecutedContext context)
   at Microsoft.AspNetCore.Mvc.Internal.ResourceInvoker.Next(State& next, Scope& scope, Object& state, Boolean& isCompleted)
   at Microsoft.AspNetCore.Mvc.Internal.ResourceInvoker.InvokeFilterPipelineAsync()
   at Microsoft.AspNetCore.Mvc.Internal.ResourceInvoker.InvokeAsync()
   at Microsoft.AspNetCore.Routing.EndpointMiddleware.Invoke(HttpContext httpContext)
   at Microsoft.AspNetCore.Routing.EndpointRoutingMiddleware.Invoke(HttpContext httpContext)
   at THD.Core.Api.Private.ErrorHandlingMiddleware.Invoke(HttpContext context) in C:\Work Project\GitHub\Efilling\efilling_api\THD.Core.Api\THD.Core.Api.Private\Core\ErrorHandlingMiddleware.cs:line 24
2020/02/06 21:34:40.859    13   System.InvalidOperationException: Invalid attempt to read when no data is present.
   at System.Data.SqlClient.SqlDataReader.CheckDataIsReady(Int32 columnIndex, Boolean allowPartiallyReadColumn, Boolean permitAsync, String methodName)
   at System.Data.SqlClient.SqlDataReader.GetValueInternal(Int32 i)
   at System.Data.SqlClient.SqlDataReader.GetValue(Int32 i)
   at THD.Core.Api.Repository.DataHandler.DocMenuD1Repository.GetMenuD1DataEditAsync(String ProjectNumber, String userid, ModelPermissionPage permission) in C:\Work Project\GitHub\Efilling\efilling_api\THD.Core.Api\THD.Core.Api.Repository\DataHandler\DocMenuD1Repository.cs:line 306
   at THD.Core.Api.Repository.DataHandler.DocMenuD1Repository.MenuD1EditInterfaceDataAsync(String UserId, String ProjectNumber) in C:\Work Project\GitHub\Efilling\efilling_api\THD.Core.Api\THD.Core.Api.Repository\DataHandler\DocMenuD1Repository.cs:line 249
   at THD.Core.Api.Business.DocMenuDService.MenuD1EditInterfaceDataAsync(String UserId, String ProjectNumber) in C:\Work Project\GitHub\Efilling\efilling_api\THD.Core.Api\THD.Core.Api.Business\DocMenuDService.cs:line 68
   at THD.Core.Api.Private.Controllers.PrivateDocMenuDController.MenuD1EditInterfaceData(String UserId, String ProjectNumber) in C:\Work Project\GitHub\Efilling\efilling_api\THD.Core.Api\THD.Core.Api.Private\Controllers\PrivateDocMenuDController.cs:line 78
   at Microsoft.AspNetCore.Mvc.Internal.ActionMethodExecutor.TaskOfIActionResultExecutor.Execute(IActionResultTypeMapper mapper, ObjectMethodExecutor executor, Object controller, Object[] arguments)
   at System.Threading.Tasks.ValueTask`1.get_Result()
   at Microsoft.AspNetCore.Mvc.Internal.ControllerActionInvoker.InvokeActionMethodAsync()
   at Microsoft.AspNetCore.Mvc.Internal.ControllerActionInvoker.InvokeNextActionFilterAsync()
   at Microsoft.AspNetCore.Mvc.Internal.ControllerActionInvoker.Rethrow(ActionExecutedContext context)
   at Microsoft.AspNetCore.Mvc.Internal.ControllerActionInvoker.Next(State& next, Scope& scope, Object& state, Boolean& isCompleted)
   at Microsoft.AspNetCore.Mvc.Internal.ControllerActionInvoker.InvokeInnerFilterAsync()
   at Microsoft.AspNetCore.Mvc.Internal.ResourceInvoker.InvokeNextResourceFilter()
   at Microsoft.AspNetCore.Mvc.Internal.ResourceInvoker.Rethrow(ResourceExecutedContext context)
   at Microsoft.AspNetCore.Mvc.Internal.ResourceInvoker.Next(State& next, Scope& scope, Object& state, Boolean& isCompleted)
   at Microsoft.AspNetCore.Mvc.Internal.ResourceInvoker.InvokeFilterPipelineAsync()
   at Microsoft.AspNetCore.Mvc.Internal.ResourceInvoker.InvokeAsync()
   at Microsoft.AspNetCore.Routing.EndpointMiddleware.Invoke(HttpContext httpContext)
   at Microsoft.AspNetCore.Routing.EndpointRoutingMiddleware.Invoke(HttpContext httpContext)
   at THD.Core.Api.Private.ErrorHandlingMiddleware.Invoke(HttpContext context) in C:\Work Project\GitHub\Efilling\efilling_api\THD.Core.Api\THD.Core.Api.Private\Core\ErrorHandlingMiddleware.cs:line 24
2020/02/06 21:36:19.939    9   System.InvalidOperationException: Invalid attempt to read when no data is present.
   at System.Data.SqlClient.SqlDataReader.CheckDataIsReady(Int32 columnIndex, Boolean allowPartiallyReadColumn, Boolean permitAsync, String methodName)
   at System.Data.SqlClient.SqlDataReader.GetValueInternal(Int32 i)
   at System.Data.SqlClient.SqlDataReader.GetValue(Int32 i)
   at THD.Core.Api.Repository.DataHandler.DocMenuD1Repository.GetMenuD1DataEditAsync(String ProjectNumber, String userid, ModelPermissionPage permission) in C:\Work Project\GitHub\Efilling\efilling_api\THD.Core.Api\THD.Core.Api.Repository\DataHandler\DocMenuD1Repository.cs:line 306
   at THD.Core.Api.Repository.DataHandler.DocMenuD1Repository.MenuD1EditInterfaceDataAsync(String UserId, String ProjectNumber) in C:\Work Project\GitHub\Efilling\efilling_api\THD.Core.Api\THD.Core.Api.Repository\DataHandler\DocMenuD1Repository.cs:line 249
   at THD.Core.Api.Business.DocMenuDService.MenuD1EditInterfaceDataAsync(String UserId, String ProjectNumber) in C:\Work Project\GitHub\Efilling\efilling_api\THD.Core.Api\THD.Core.Api.Business\DocMenuDService.cs:line 68
   at THD.Core.Api.Private.Controllers.PrivateDocMenuDController.MenuD1EditInterfaceData(String UserId, String ProjectNumber) in C:\Work Project\GitHub\Efilling\efilling_api\THD.Core.Api\THD.Core.Api.Private\Controllers\PrivateDocMenuDController.cs:line 78
   at Microsoft.AspNetCore.Mvc.Internal.ActionMethodExecutor.TaskOfIActionResultExecutor.Execute(IActionResultTypeMapper mapper, ObjectMethodExecutor executor, Object controller, Object[] arguments)
   at System.Threading.Tasks.ValueTask`1.get_Result()
   at Microsoft.AspNetCore.Mvc.Internal.ControllerActionInvoker.InvokeActionMethodAsync()
   at Microsoft.AspNetCore.Mvc.Internal.ControllerActionInvoker.InvokeNextActionFilterAsync()
   at Microsoft.AspNetCore.Mvc.Internal.ControllerActionInvoker.Rethrow(ActionExecutedContext context)
   at Microsoft.AspNetCore.Mvc.Internal.ControllerActionInvoker.Next(State& next, Scope& scope, Object& state, Boolean& isCompleted)
   at Microsoft.AspNetCore.Mvc.Internal.ControllerActionInvoker.InvokeInnerFilterAsync()
   at Microsoft.AspNetCore.Mvc.Internal.ResourceInvoker.InvokeNextResourceFilter()
   at Microsoft.AspNetCore.Mvc.Internal.ResourceInvoker.Rethrow(ResourceExecutedContext context)
   at Microsoft.AspNetCore.Mvc.Internal.ResourceInvoker.Next(State& next, Scope& scope, Object& state, Boolean& isCompleted)
   at Microsoft.AspNetCore.Mvc.Internal.ResourceInvoker.InvokeFilterPipelineAsync()
   at Microsoft.AspNetCore.Mvc.Internal.ResourceInvoker.InvokeAsync()
   at Microsoft.AspNetCore.Routing.EndpointMiddleware.Invoke(HttpContext httpContext)
   at Microsoft.AspNetCore.Routing.EndpointRoutingMiddleware.Invoke(HttpContext httpContext)
   at THD.Core.Api.Private.ErrorHandlingMiddleware.Invoke(HttpContext context) in C:\Work Project\GitHub\Efilling\efilling_api\THD.Core.Api\THD.Core.Api.Private\Core\ErrorHandlingMiddleware.cs:line 24
2020/02/06 21:37:34.364    39   System.InvalidOperationException: Invalid attempt to read when no data is present.
   at System.Data.SqlClient.SqlDataReader.CheckDataIsReady(Int32 columnIndex, Boolean allowPartiallyReadColumn, Boolean permitAsync, String methodName)
   at System.Data.SqlClient.SqlDataReader.GetValueInternal(Int32 i)
   at System.Data.SqlClient.SqlDataReader.GetValue(Int32 i)
   at THD.Core.Api.Repository.DataHandler.DocMenuD1Repository.GetMenuD1DataEditAsync(String ProjectNumber, String userid, ModelPermissionPage permission) in C:\Work Project\GitHub\Efilling\efilling_api\THD.Core.Api\THD.Core.Api.Repository\DataHandler\DocMenuD1Repository.cs:line 306
   at THD.Core.Api.Repository.DataHandler.DocMenuD1Repository.MenuD1EditInterfaceDataAsync(String UserId, String ProjectNumber) in C:\Work Project\GitHub\Efilling\efilling_api\THD.Core.Api\THD.Core.Api.Repository\DataHandler\DocMenuD1Repository.cs:line 249
   at THD.Core.Api.Business.DocMenuDService.MenuD1EditInterfaceDataAsync(String UserId, String ProjectNumber) in C:\Work Project\GitHub\Efilling\efilling_api\THD.Core.Api\THD.Core.Api.Business\DocMenuDService.cs:line 68
   at THD.Core.Api.Private.Controllers.PrivateDocMenuDController.MenuD1EditInterfaceData(String UserId, String ProjectNumber) in C:\Work Project\GitHub\Efilling\efilling_api\THD.Core.Api\THD.Core.Api.Private\Controllers\PrivateDocMenuDController.cs:line 78
   at Microsoft.AspNetCore.Mvc.Internal.ActionMethodExecutor.TaskOfIActionResultExecutor.Execute(IActionResultTypeMapper mapper, ObjectMethodExecutor executor, Object controller, Object[] arguments)
   at System.Threading.Tasks.ValueTask`1.get_Result()
   at Microsoft.AspNetCore.Mvc.Internal.ControllerActionInvoker.InvokeActionMethodAsync()
   at Microsoft.AspNetCore.Mvc.Internal.ControllerActionInvoker.InvokeNextActionFilterAsync()
   at Microsoft.AspNetCore.Mvc.Internal.ControllerActionInvoker.Rethrow(ActionExecutedContext context)
   at Microsoft.AspNetCore.Mvc.Internal.ControllerActionInvoker.Next(State& next, Scope& scope, Object& state, Boolean& isCompleted)
   at Microsoft.AspNetCore.Mvc.Internal.ControllerActionInvoker.InvokeInnerFilterAsync()
   at Microsoft.AspNetCore.Mvc.Internal.ResourceInvoker.InvokeNextResourceFilter()
   at Microsoft.AspNetCore.Mvc.Internal.ResourceInvoker.Rethrow(ResourceExecutedContext context)
   at Microsoft.AspNetCore.Mvc.Internal.ResourceInvoker.Next(State& next, Scope& scope, Object& state, Boolean& isCompleted)
   at Microsoft.AspNetCore.Mvc.Internal.ResourceInvoker.InvokeFilterPipelineAsync()
   at Microsoft.AspNetCore.Mvc.Internal.ResourceInvoker.InvokeAsync()
   at Microsoft.AspNetCore.Routing.EndpointMiddleware.Invoke(HttpContext httpContext)
   at Microsoft.AspNetCore.Routing.EndpointRoutingMiddleware.Invoke(HttpContext httpContext)
   at THD.Core.Api.Private.ErrorHandlingMiddleware.Invoke(HttpContext context) in C:\Work Project\GitHub\Efilling\efilling_api\THD.Core.Api\THD.Core.Api.Private\Core\ErrorHandlingMiddleware.cs:line 24
2020/02/06 21:44:46.543    19   System.Data.SqlClient.SqlException (0x80131904): Could not find stored procedure 'sp_doc_menu_d1_edit'.
   at System.Data.SqlClient.SqlConnection.OnError(SqlException exception, Boolean breakConnection, Action`1 wrapCloseInAction)
   at System.Data.SqlClient.TdsParser.ThrowExceptionAndWarning(TdsParserStateObject stateObj, Boolean callerHasConnectionLock, Boolean asyncClose)
   at System.Data.SqlClient.TdsParser.TryRun(RunBehavior runBehavior, SqlCommand cmdHandler, SqlDataReader dataStream, BulkCopySimpleResultSet bulkCopyHandler, TdsParserStateObject stateObj, Boolean& dataReady)
   at System.Data.SqlClient.SqlCommand.FinishExecuteReader(SqlDataReader ds, RunBehavior runBehavior, String resetOptionsString)
   at System.Data.SqlClient.SqlCommand.CompleteAsyncExecuteReader()
   at System.Data.SqlClient.SqlCommand.EndExecuteNonQueryInternal(IAsyncResult asyncResult)
   at System.Data.SqlClient.SqlCommand.EndExecuteNonQuery(IAsyncResult asyncResult)
   at System.Threading.Tasks.TaskFactory`1.FromAsyncCoreLogic(IAsyncResult iar, Func`2 endFunction, Action`1 endAction, Task`1 promise, Boolean requiresSynchronization)
--- End of stack trace from previous location where exception was thrown ---
   at THD.Core.Api.Repository.DataHandler.DocMenuD1Repository.UpdateDocMenuD1EditAsync(ModelMenuD1 model) in C:\Work Project\GitHub\Efilling\efilling_api\THD.Core.Api\THD.Core.Api.Repository\DataHandler\DocMenuD1Repository.cs:line 361
   at THD.Core.Api.Business.DocMenuDService.UpdateDocMenuD1EditAsync(ModelMenuD1 model) in C:\Work Project\GitHub\Efilling\efilling_api\THD.Core.Api\THD.Core.Api.Business\DocMenuDService.cs:line 82
   at THD.Core.Api.Private.Controllers.PrivateDocMenuDController.UpdateDocMenuD1Edit(ModelMenuD1 model) in C:\Work Project\GitHub\Efilling\efilling_api\THD.Core.Api\THD.Core.Api.Private\Controllers\PrivateDocMenuDController.cs:line 86
   at Microsoft.AspNetCore.Mvc.Internal.ActionMethodExecutor.TaskOfIActionResultExecutor.Execute(IActionResultTypeMapper mapper, ObjectMethodExecutor executor, Object controller, Object[] arguments)
   at System.Threading.Tasks.ValueTask`1.get_Result()
   at Microsoft.AspNetCore.Mvc.Internal.ControllerActionInvoker.InvokeActionMethodAsync()
   at Microsoft.AspNetCore.Mvc.Internal.ControllerActionInvoker.InvokeNextActionFilterAsync()
   at Microsoft.AspNetCore.Mvc.Internal.ControllerActionInvoker.Rethrow(ActionExecutedContext context)
   at Microsoft.AspNetCore.Mvc.Internal.ControllerActionInvoker.Next(State& next, Scope& scope, Object& state, Boolean& isCompleted)
   at Microsoft.AspNetCore.Mvc.Internal.ControllerActionInvoker.InvokeInnerFilterAsync()
   at Microsoft.AspNetCore.Mvc.Internal.ResourceInvoker.InvokeNextResourceFilter()
   at Microsoft.AspNetCore.Mvc.Internal.ResourceInvoker.Rethrow(ResourceExecutedContext context)
   at Microsoft.AspNetCore.Mvc.Internal.ResourceInvoker.Next(State& next, Scope& scope, Object& state, Boolean& isCompleted)
   at Microsoft.AspNetCore.Mvc.Internal.ResourceInvoker.InvokeFilterPipelineAsync()
   at Microsoft.AspNetCore.Mvc.Internal.ResourceInvoker.InvokeAsync()
   at Microsoft.AspNetCore.Routing.EndpointMiddleware.Invoke(HttpContext httpContext)
   at Microsoft.AspNetCore.Routing.EndpointRoutingMiddleware.Invoke(HttpContext httpContext)
   at THD.Core.Api.Private.ErrorHandlingMiddleware.Invoke(HttpContext context) in C:\Work Project\GitHub\Efilling\efilling_api\THD.Core.Api\THD.Core.Api.Private\Core\ErrorHandlingMiddleware.cs:line 24
ClientConnectionId:87b09b9c-78b9-4b22-a9e1-4852a1432b23
Error Number:2812,State:62,Class:16
2020/02/06 22:27:45.419    40   System.NullReferenceException: Object reference not set to an instance of an object.
   at THD.Core.Api.Repository.DataHandler.DocMenuC2Repository.MenuC2InterfaceDataEditAsync(String project_number, String userid, String username) in C:\Work Project\GitHub\Efilling\efilling_api\THD.Core.Api\THD.Core.Api.Repository\DataHandler\DocMenuC2Repository.cs:line 328
   at THD.Core.Api.Business.DocMenuCService.MenuC2InterfaceDataEditAsync(String project_number, String userid, String username) in C:\Work Project\GitHub\Efilling\efilling_api\THD.Core.Api\THD.Core.Api.Business\DocMenuCService.cs:line 165
   at THD.Core.Api.Private.Controllers.PrivateDocMenuCController.MenuC2InterfaceDataEdit(String ProjectNumber, String userid, String username) in C:\Work Project\GitHub\Efilling\efilling_api\THD.Core.Api\THD.Core.Api.Private\Controllers\PrivateDocMenuCController.cs:line 272
   at Microsoft.AspNetCore.Mvc.Internal.ActionMethodExecutor.TaskOfIActionResultExecutor.Execute(IActionResultTypeMapper mapper, ObjectMethodExecutor executor, Object controller, Object[] arguments)
   at System.Threading.Tasks.ValueTask`1.get_Result()
   at Microsoft.AspNetCore.Mvc.Internal.ControllerActionInvoker.InvokeActionMethodAsync()
   at Microsoft.AspNetCore.Mvc.Internal.ControllerActionInvoker.InvokeNextActionFilterAsync()
   at Microsoft.AspNetCore.Mvc.Internal.ControllerActionInvoker.Rethrow(ActionExecutedContext context)
   at Microsoft.AspNetCore.Mvc.Internal.ControllerActionInvoker.Next(State& next, Scope& scope, Object& state, Boolean& isCompleted)
   at Microsoft.AspNetCore.Mvc.Internal.ControllerActionInvoker.InvokeInnerFilterAsync()
   at Microsoft.AspNetCore.Mvc.Internal.ResourceInvoker.InvokeNextResourceFilter()
   at Microsoft.AspNetCore.Mvc.Internal.ResourceInvoker.Rethrow(ResourceExecutedContext context)
   at Microsoft.AspNetCore.Mvc.Internal.ResourceInvoker.Next(State& next, Scope& scope, Object& state, Boolean& isCompleted)
   at Microsoft.AspNetCore.Mvc.Internal.ResourceInvoker.InvokeFilterPipelineAsync()
   at Microsoft.AspNetCore.Mvc.Internal.ResourceInvoker.InvokeAsync()
   at Microsoft.AspNetCore.Routing.EndpointMiddleware.Invoke(HttpContext httpContext)
   at Microsoft.AspNetCore.Routing.EndpointRoutingMiddleware.Invoke(HttpContext httpContext)
   at THD.Core.Api.Private.ErrorHandlingMiddleware.Invoke(HttpContext context) in C:\Work Project\GitHub\Efilling\efilling_api\THD.Core.Api\THD.Core.Api.Private\Core\ErrorHandlingMiddleware.cs:line 24
2020/02/06 22:29:19.847    33   System.Data.SqlClient.SqlException (0x80131904): Procedure or function 'sp_doc_menu_a4_edit' expects parameter '@accept_type_name', which was not supplied.
   at THD.Core.Api.Repository.DataHandler.DocMenuA4Repository.UpdateDocMenuA4EditAsync(ModelMenuA4 model) in C:\Work Project\GitHub\Efilling\efilling_api\THD.Core.Api\THD.Core.Api.Repository\DataHandler\DocMenuA4Repository.cs:line 349
   at THD.Core.Api.Business.DocMenuAService.UpdateDocMenuA4EditAsync(ModelMenuA4 model) in C:\Work Project\GitHub\Efilling\efilling_api\THD.Core.Api\THD.Core.Api.Business\DocMenuAService.cs:line 419
   at THD.Core.Api.Private.Controllers.PrivateDocMenuAController.UpdateDocMenuA4Edit(ModelMenuA4 model) in C:\Work Project\GitHub\Efilling\efilling_api\THD.Core.Api\THD.Core.Api.Private\Controllers\PrivateDocMenuAController.cs:line 255
   at Microsoft.AspNetCore.Mvc.Internal.ActionMethodExecutor.TaskOfIActionResultExecutor.Execute(IActionResultTypeMapper mapper, ObjectMethodExecutor executor, Object controller, Object[] arguments)
   at System.Threading.Tasks.ValueTask`1.get_Result()
   at Microsoft.AspNetCore.Mvc.Internal.ControllerActionInvoker.InvokeActionMethodAsync()
   at Microsoft.AspNetCore.Mvc.Internal.ControllerActionInvoker.InvokeNextActionFilterAsync()
   at Microsoft.AspNetCore.Mvc.Internal.ControllerActionInvoker.Rethrow(ActionExecutedContext context)
   at Microsoft.AspNetCore.Mvc.Internal.ControllerActionInvoker.Next(State& next, Scope& scope, Object& state, Boolean& isCompleted)
   at Microsoft.AspNetCore.Mvc.Internal.ControllerActionInvoker.InvokeInnerFilterAsync()
   at Microsoft.AspNetCore.Mvc.Internal.ResourceInvoker.InvokeNextResourceFilter()
   at Microsoft.AspNetCore.Mvc.Internal.ResourceInvoker.Rethrow(ResourceExecutedContext context)
   at Microsoft.AspNetCore.Mvc.Internal.ResourceInvoker.Next(State& next, Scope& scope, Object& state, Boolean& isCompleted)
   at Microsoft.AspNetCore.Mvc.Internal.ResourceInvoker.InvokeFilterPipelineAsync()
   at Microsoft.AspNetCore.Mvc.Internal.ResourceInvoker.InvokeAsync()
   at Microsoft.AspNetCore.Routing.EndpointMiddleware.Invoke(HttpContext httpContext)
   at Microsoft.AspNetCore.Routing.EndpointRoutingMiddleware.Invoke(HttpContext httpContext)
   at THD.Core.Api.Private.ErrorHandlingMiddleware.Invoke(HttpContext context) in C:\Work Project\GitHub\Efilling\efilling_api\THD.Core.Api\THD.Core.Api.Private\Core\ErrorHandlingMiddleware.cs:line 24
ClientConnectionId:dc61a0a9-de2e-4bc9-bcca-78288c101b66
Error Number:201,State:4,Class:16
2020/02/06 22:29:56.583    38   System.Data.SqlClient.SqlException (0x80131904): Procedure or function 'sp_doc_menu_a4_edit' expects parameter '@accept_type_name', which was not supplied.
   at THD.Core.Api.Repository.DataHandler.DocMenuA4Repository.UpdateDocMenuA4EditAsync(ModelMenuA4 model) in C:\Work Project\GitHub\Efilling\efilling_api\THD.Core.Api\THD.Core.Api.Repository\DataHandler\DocMenuA4Repository.cs:line 349
   at THD.Core.Api.Business.DocMenuAService.UpdateDocMenuA4EditAsync(ModelMenuA4 model) in C:\Work Project\GitHub\Efilling\efilling_api\THD.Core.Api\THD.Core.Api.Business\DocMenuAService.cs:line 419
   at THD.Core.Api.Private.Controllers.PrivateDocMenuAController.UpdateDocMenuA4Edit(ModelMenuA4 model) in C:\Work Project\GitHub\Efilling\efilling_api\THD.Core.Api\THD.Core.Api.Private\Controllers\PrivateDocMenuAController.cs:line 255
   at Microsoft.AspNetCore.Mvc.Internal.ActionMethodExecutor.TaskOfIActionResultExecutor.Execute(IActionResultTypeMapper mapper, ObjectMethodExecutor executor, Object controller, Object[] arguments)
   at System.Threading.Tasks.ValueTask`1.get_Result()
   at Microsoft.AspNetCore.Mvc.Internal.ControllerActionInvoker.InvokeActionMethodAsync()
   at Microsoft.AspNetCore.Mvc.Internal.ControllerActionInvoker.InvokeNextActionFilterAsync()
   at Microsoft.AspNetCore.Mvc.Internal.ControllerActionInvoker.Rethrow(ActionExecutedContext context)
   at Microsoft.AspNetCore.Mvc.Internal.ControllerActionInvoker.Next(State& next, Scope& scope, Object& state, Boolean& isCompleted)
   at Microsoft.AspNetCore.Mvc.Internal.ControllerActionInvoker.InvokeInnerFilterAsync()
   at Microsoft.AspNetCore.Mvc.Internal.ResourceInvoker.InvokeNextResourceFilter()
   at Microsoft.AspNetCore.Mvc.Internal.ResourceInvoker.Rethrow(ResourceExecutedContext context)
   at Microsoft.AspNetCore.Mvc.Internal.ResourceInvoker.Next(State& next, Scope& scope, Object& state, Boolean& isCompleted)
   at Microsoft.AspNetCore.Mvc.Internal.ResourceInvoker.InvokeFilterPipelineAsync()
   at Microsoft.AspNetCore.Mvc.Internal.ResourceInvoker.InvokeAsync()
   at Microsoft.AspNetCore.Routing.EndpointMiddleware.Invoke(HttpContext httpContext)
   at Microsoft.AspNetCore.Routing.EndpointRoutingMiddleware.Invoke(HttpContext httpContext)
   at THD.Core.Api.Private.ErrorHandlingMiddleware.Invoke(HttpContext context) in C:\Work Project\GitHub\Efilling\efilling_api\THD.Core.Api\THD.Core.Api.Private\Core\ErrorHandlingMiddleware.cs:line 24
ClientConnectionId:dc61a0a9-de2e-4bc9-bcca-78288c101b66
Error Number:201,State:4,Class:16
2020/02/06 22:33:32.026    17   System.Data.SqlClient.SqlException (0x80131904): Procedure or function sp_doc_menu_a6_edit has too many arguments specified.
   at System.Data.SqlClient.SqlConnection.OnError(SqlException exception, Boolean breakConnection, Action`1 wrapCloseInAction)
   at System.Data.SqlClient.TdsParser.ThrowExceptionAndWarning(TdsParserStateObject stateObj, Boolean callerHasConnectionLock, Boolean asyncClose)
   at System.Data.SqlClient.TdsParser.TryRun(RunBehavior runBehavior, SqlCommand cmdHandler, SqlDataReader dataStream, BulkCopySimpleResultSet bulkCopyHandler, TdsParserStateObject stateObj, Boolean& dataReady)
   at System.Data.SqlClient.SqlCommand.FinishExecuteReader(SqlDataReader ds, RunBehavior runBehavior, String resetOptionsString)
   at System.Data.SqlClient.SqlCommand.CompleteAsyncExecuteReader()
   at System.Data.SqlClient.SqlCommand.EndExecuteNonQueryInternal(IAsyncResult asyncResult)
   at System.Data.SqlClient.SqlCommand.EndExecuteNonQuery(IAsyncResult asyncResult)
   at System.Threading.Tasks.TaskFactory`1.FromAsyncCoreLogic(IAsyncResult iar, Func`2 endFunction, Action`1 endAction, Task`1 promise, Boolean requiresSynchronization)
--- End of stack trace from previous location where exception was thrown ---
   at THD.Core.Api.Repository.DataHandler.DocMenuA6Repository.UpdateDocMenuA6EditAsync(ModelMenuA6 model) in C:\Work Project\GitHub\Efilling\efilling_api\THD.Core.Api\THD.Core.Api.Repository\DataHandler\DocMenuA6Repository.cs:line 342
   at THD.Core.Api.Business.DocMenuAService.UpdateDocMenuA6EditAsync(ModelMenuA6 model) in C:\Work Project\GitHub\Efilling\efilling_api\THD.Core.Api\THD.Core.Api.Business\DocMenuAService.cs:line 541
   at THD.Core.Api.Private.Controllers.PrivateDocMenuAController.UpdateDocMenuA6Edit(ModelMenuA6 model) in C:\Work Project\GitHub\Efilling\efilling_api\THD.Core.Api\THD.Core.Api.Private\Controllers\PrivateDocMenuAController.cs:line 429
   at Microsoft.AspNetCore.Mvc.Internal.ActionMethodExecutor.TaskOfIActionResultExecutor.Execute(IActionResultTypeMapper mapper, ObjectMethodExecutor executor, Object controller, Object[] arguments)
   at System.Threading.Tasks.ValueTask`1.get_Result()
   at Microsoft.AspNetCore.Mvc.Internal.ControllerActionInvoker.InvokeActionMethodAsync()
   at Microsoft.AspNetCore.Mvc.Internal.ControllerActionInvoker.InvokeNextActionFilterAsync()
   at Microsoft.AspNetCore.Mvc.Internal.ControllerActionInvoker.Rethrow(ActionExecutedContext context)
   at Microsoft.AspNetCore.Mvc.Internal.ControllerActionInvoker.Next(State& next, Scope& scope, Object& state, Boolean& isCompleted)
   at Microsoft.AspNetCore.Mvc.Internal.ControllerActionInvoker.InvokeInnerFilterAsync()
   at Microsoft.AspNetCore.Mvc.Internal.ResourceInvoker.InvokeNextResourceFilter()
   at Microsoft.AspNetCore.Mvc.Internal.ResourceInvoker.Rethrow(ResourceExecutedContext context)
   at Microsoft.AspNetCore.Mvc.Internal.ResourceInvoker.Next(State& next, Scope& scope, Object& state, Boolean& isCompleted)
   at Microsoft.AspNetCore.Mvc.Internal.ResourceInvoker.InvokeFilterPipelineAsync()
   at Microsoft.AspNetCore.Mvc.Internal.ResourceInvoker.InvokeAsync()
   at Microsoft.AspNetCore.Routing.EndpointMiddleware.Invoke(HttpContext httpContext)
   at Microsoft.AspNetCore.Routing.EndpointRoutingMiddleware.Invoke(HttpContext httpContext)
   at THD.Core.Api.Private.ErrorHandlingMiddleware.Invoke(HttpContext context) in C:\Work Project\GitHub\Efilling\efilling_api\THD.Core.Api\THD.Core.Api.Private\Core\ErrorHandlingMiddleware.cs:line 24
ClientConnectionId:dc61a0a9-de2e-4bc9-bcca-78288c101b66
Error Number:8144,State:2,Class:16
